Analysis & Synthesis report for ModelMachine_Top
Tue Jan 06 16:59:02 2026
Quartus II Version 9.0 Build 184 04/29/2009 Service Pack 1 SJ Web Edition


---------------------
; Table of Contents ;
---------------------
  1. Legal Notice
  2. Analysis & Synthesis Summary
  3. Analysis & Synthesis Settings
  4. Analysis & Synthesis Source Files Read
  5. Analysis & Synthesis Resource Usage Summary
  6. Analysis & Synthesis Resource Utilization by Entity
  7. Analysis & Synthesis RAM Summary
  8. Registers Protected by Synthesis
  9. General Register Statistics
 10. Inverted Register Statistics
 11. Source assignments for psw:inst11
 12. Source assignments for pc:inst|lpm_counter:c_rtl_0
 13. Source assignments for au:inst1|lpm_add_sub:Add0|addcore:adder
 14. Source assignments for au:inst1|lpm_add_sub:Add1|addcore:adder
 15. Parameter Settings for User Entity Instance: LPM_RAM_IO:inst8
 16. Parameter Settings for User Entity Instance: controller:inst25|lpm_rom:urom
 17. Parameter Settings for Inferred Entity Instance: pc:inst|lpm_counter:c_rtl_0
 18. Parameter Settings for Inferred Entity Instance: au:inst1|lpm_add_sub:Add0
 19. Parameter Settings for Inferred Entity Instance: au:inst1|lpm_add_sub:Add1
 20. Analysis & Synthesis Messages



----------------
; Legal Notice ;
----------------
Copyright (C) 1991-2009 Altera Corporation
Your use of Altera Corporation's design tools, logic functions 
and other software and tools, and its AMPP partner logic 
functions, and any output files from any of the foregoing 
(including device programming or simulation files), and any 
associated documentation or information are expressly subject 
to the terms and conditions of the Altera Program License 
Subscription Agreement, Altera MegaCore Function License 
Agreement, or other applicable license agreement, including, 
without limitation, that your use is for the sole purpose of 
programming logic devices manufactured by Altera and sold by 
Altera or its authorized distributors.  Please refer to the 
applicable agreement for further details.



+----------------------------------------------------------------------------+
; Analysis & Synthesis Summary                                               ;
+-----------------------------+----------------------------------------------+
; Analysis & Synthesis Status ; Successful - Tue Jan 06 16:59:02 2026        ;
; Quartus II Version          ; 9.0 Build 184 04/29/2009 SP 1 SJ Web Edition ;
; Revision Name               ; ModelMachine_Top                             ;
; Top-level Entity Name       ; ModelMachine_Top                             ;
; Family                      ; FLEX10K                                      ;
; Total logic elements        ; 165                                          ;
; Total pins                  ; 17                                           ;
; Total memory bits           ; 2,656                                        ;
+-----------------------------+----------------------------------------------+


+----------------------------------------------------------------------------------------------------+
; Analysis & Synthesis Settings                                                                      ;
+--------------------------------------------------------------+------------------+------------------+
; Option                                                       ; Setting          ; Default Value    ;
+--------------------------------------------------------------+------------------+------------------+
; Device                                                       ; EPF10K20TC144-4  ;                  ;
; Top-level entity name                                        ; ModelMachine_Top ; ModelMachine_Top ;
; Family name                                                  ; FLEX10K          ; Stratix II       ;
; Use Generated Physical Constraints File                      ; Off              ;                  ;
; Use smart compilation                                        ; Off              ; Off              ;
; Create Debugging Nodes for IP Cores                          ; Off              ; Off              ;
; Preserve fewer node names                                    ; On               ; On               ;
; Disable OpenCore Plus hardware evaluation                    ; Off              ; Off              ;
; Verilog Version                                              ; Verilog_2001     ; Verilog_2001     ;
; VHDL Version                                                 ; VHDL93           ; VHDL93           ;
; State Machine Processing                                     ; Auto             ; Auto             ;
; Safe State Machine                                           ; Off              ; Off              ;
; Extract Verilog State Machines                               ; On               ; On               ;
; Extract VHDL State Machines                                  ; On               ; On               ;
; Ignore Verilog initial constructs                            ; Off              ; Off              ;
; Iteration limit for constant Verilog loops                   ; 5000             ; 5000             ;
; Iteration limit for non-constant Verilog loops               ; 250              ; 250              ;
; Add Pass-Through Logic to Inferred RAMs                      ; On               ; On               ;
; Parallel Synthesis                                           ; Off              ; Off              ;
; NOT Gate Push-Back                                           ; On               ; On               ;
; Power-Up Don't Care                                          ; On               ; On               ;
; Remove Redundant Logic Cells                                 ; Off              ; Off              ;
; Remove Duplicate Registers                                   ; On               ; On               ;
; Ignore CARRY Buffers                                         ; Off              ; Off              ;
; Ignore CASCADE Buffers                                       ; Off              ; Off              ;
; Ignore GLOBAL Buffers                                        ; Off              ; Off              ;
; Ignore ROW GLOBAL Buffers                                    ; Off              ; Off              ;
; Ignore LCELL Buffers                                         ; Off              ; Off              ;
; Ignore SOFT Buffers                                          ; On               ; On               ;
; Limit AHDL Integers to 32 Bits                               ; Off              ; Off              ;
; Auto Implement in ROM                                        ; Off              ; Off              ;
; Optimization Technique                                       ; Area             ; Area             ;
; Carry Chain Length                                           ; 32               ; 32               ;
; Cascade Chain Length                                         ; 2                ; 2                ;
; Auto Carry Chains                                            ; On               ; On               ;
; Auto Open-Drain Pins                                         ; On               ; On               ;
; Auto ROM Replacement                                         ; On               ; On               ;
; Auto RAM Replacement                                         ; On               ; On               ;
; Auto Clock Enable Replacement                                ; On               ; On               ;
; Strict RAM Replacement                                       ; Off              ; Off              ;
; Auto Resource Sharing                                        ; Off              ; Off              ;
; Allow Any RAM Size For Recognition                           ; Off              ; Off              ;
; Allow Any ROM Size For Recognition                           ; Off              ; Off              ;
; Use LogicLock Constraints during Resource Balancing          ; On               ; On               ;
; Ignore translate_off and synthesis_off directives            ; Off              ; Off              ;
; Show Parameter Settings Tables in Synthesis Report           ; On               ; On               ;
; HDL message level                                            ; Level2           ; Level2           ;
; Suppress Register Optimization Related Messages              ; Off              ; Off              ;
; Number of Removed Registers Reported in Synthesis Report     ; 100              ; 100              ;
; Number of Inverted Registers Reported in Synthesis Report    ; 100              ; 100              ;
; Block Design Naming                                          ; Auto             ; Auto             ;
; Synthesis Effort                                             ; Auto             ; Auto             ;
; Shift Register Replacement - Allow Asynchronous Clear Signal ; On               ; On               ;
; Analysis & Synthesis Message Level                           ; Medium           ; Medium           ;
+--------------------------------------------------------------+------------------+------------------+


+-------------------------------------------------------------------------------------------------------------------------------------------------------------------------------------------------------+
; Analysis & Synthesis Source Files Read                                                                                                                                                                ;
+----------------------------------+-----------------+------------------------------------+-------------------------------------------------------------------------------------------------------------+
; File Name with User-Entered Path ; Used in Netlist ; File Type                          ; File Name with Absolute Path                                                                                ;
+----------------------------------+-----------------+------------------------------------+-------------------------------------------------------------------------------------------------------------+
; ModelMachine_Top.bdf             ; yes             ; User Block Diagram/Schematic File  ; D:/Core Course/Digital circuits and logical programming/Experiment/model machine/micro/ModelMachine_Top.bdf ;
; ../../Experiment3/ir.v           ; yes             ; User Verilog HDL File              ; D:/Core Course/Digital circuits and logical programming/Experiment/Experiment3/ir.v                         ;
; ../../Experiment3/psw.v          ; yes             ; User Verilog HDL File              ; D:/Core Course/Digital circuits and logical programming/Experiment/Experiment3/psw.v                        ;
; ../../Experiment3/pc.v           ; yes             ; User Verilog HDL File              ; D:/Core Course/Digital circuits and logical programming/Experiment/Experiment3/pc.v                         ;
; ../../Experiment3/reg_group.v    ; yes             ; User Verilog HDL File              ; D:/Core Course/Digital circuits and logical programming/Experiment/Experiment3/reg_group.v                  ;
; ../../Experiment3/sm.v           ; yes             ; User Verilog HDL File              ; D:/Core Course/Digital circuits and logical programming/Experiment/Experiment3/sm.v                         ;
; ../../Experiment2/exp_2/au.v     ; yes             ; User Verilog HDL File              ; D:/Core Course/Digital circuits and logical programming/Experiment/Experiment2/exp_2/au.v                   ;
; ../../Experiment2/exp_2/mux2_1.v ; yes             ; User Verilog HDL File              ; D:/Core Course/Digital circuits and logical programming/Experiment/Experiment2/exp_2/mux2_1.v               ;
; ../../Experiment2/exp_2/mux3_1.v ; yes             ; User Verilog HDL File              ; D:/Core Course/Digital circuits and logical programming/Experiment/Experiment2/exp_2/mux3_1.v               ;
; controller.v                     ; yes             ; User Verilog HDL File              ; D:/Core Course/Digital circuits and logical programming/Experiment/model machine/micro/controller.v         ;
; LPM_RAM_IO.tdf                   ; yes             ; Megafunction                       ; d:/quartus/quartus/libraries/megafunctions/LPM_RAM_IO.tdf                                                   ;
; altram.inc                       ; yes             ; Megafunction                       ; d:/quartus/quartus/libraries/megafunctions/altram.inc                                                       ;
; lpm_mux.inc                      ; yes             ; Megafunction                       ; d:/quartus/quartus/libraries/megafunctions/lpm_mux.inc                                                      ;
; lpm_decode.inc                   ; yes             ; Megafunction                       ; d:/quartus/quartus/libraries/megafunctions/lpm_decode.inc                                                   ;
; aglobal90.inc                    ; yes             ; Megafunction                       ; d:/quartus/quartus/libraries/megafunctions/aglobal90.inc                                                    ;
; altram.tdf                       ; yes             ; Megafunction                       ; d:/quartus/quartus/libraries/megafunctions/altram.tdf                                                       ;
; memmodes.inc                     ; yes             ; Megafunction                       ; d:/quartus/quartus/libraries/others/maxplus2/memmodes.inc                                                   ;
; altsyncram.inc                   ; yes             ; Megafunction                       ; d:/quartus/quartus/libraries/megafunctions/altsyncram.inc                                                   ;
; altqpram.inc                     ; yes             ; Megafunction                       ; d:/quartus/quartus/libraries/megafunctions/altqpram.inc                                                     ;
; lpm_rom.tdf                      ; yes             ; Megafunction                       ; d:/quartus/quartus/libraries/megafunctions/lpm_rom.tdf                                                      ;
; altrom.inc                       ; yes             ; Megafunction                       ; d:/quartus/quartus/libraries/megafunctions/altrom.inc                                                       ;
; altrom.tdf                       ; yes             ; Megafunction                       ; d:/quartus/quartus/libraries/megafunctions/altrom.tdf                                                       ;
; lpm_counter.tdf                  ; yes             ; Megafunction                       ; d:/quartus/quartus/libraries/megafunctions/lpm_counter.tdf                                                  ;
; lpm_constant.inc                 ; yes             ; Megafunction                       ; d:/quartus/quartus/libraries/megafunctions/lpm_constant.inc                                                 ;
; lpm_add_sub.inc                  ; yes             ; Megafunction                       ; d:/quartus/quartus/libraries/megafunctions/lpm_add_sub.inc                                                  ;
; cmpconst.inc                     ; yes             ; Megafunction                       ; d:/quartus/quartus/libraries/megafunctions/cmpconst.inc                                                     ;
; lpm_compare.inc                  ; yes             ; Megafunction                       ; d:/quartus/quartus/libraries/megafunctions/lpm_compare.inc                                                  ;
; lpm_counter.inc                  ; yes             ; Megafunction                       ; d:/quartus/quartus/libraries/megafunctions/lpm_counter.inc                                                  ;
; dffeea.inc                       ; yes             ; Megafunction                       ; d:/quartus/quartus/libraries/megafunctions/dffeea.inc                                                       ;
; alt_synch_counter.inc            ; yes             ; Megafunction                       ; d:/quartus/quartus/libraries/megafunctions/alt_synch_counter.inc                                            ;
; alt_synch_counter_f.inc          ; yes             ; Megafunction                       ; d:/quartus/quartus/libraries/megafunctions/alt_synch_counter_f.inc                                          ;
; alt_counter_f10ke.inc            ; yes             ; Megafunction                       ; d:/quartus/quartus/libraries/megafunctions/alt_counter_f10ke.inc                                            ;
; alt_counter_stratix.inc          ; yes             ; Megafunction                       ; d:/quartus/quartus/libraries/megafunctions/alt_counter_stratix.inc                                          ;
; alt_counter_f10ke.tdf            ; yes             ; Megafunction                       ; d:/quartus/quartus/libraries/megafunctions/alt_counter_f10ke.tdf                                            ;
; flex10ke_lcell.inc               ; yes             ; Megafunction                       ; d:/quartus/quartus/libraries/megafunctions/flex10ke_lcell.inc                                               ;
; lpm_add_sub.tdf                  ; yes             ; Megafunction                       ; d:/quartus/quartus/libraries/megafunctions/lpm_add_sub.tdf                                                  ;
; addcore.inc                      ; yes             ; Megafunction                       ; d:/quartus/quartus/libraries/megafunctions/addcore.inc                                                      ;
; look_add.inc                     ; yes             ; Megafunction                       ; d:/quartus/quartus/libraries/megafunctions/look_add.inc                                                     ;
; bypassff.inc                     ; yes             ; Megafunction                       ; d:/quartus/quartus/libraries/megafunctions/bypassff.inc                                                     ;
; altshift.inc                     ; yes             ; Megafunction                       ; d:/quartus/quartus/libraries/megafunctions/altshift.inc                                                     ;
; alt_stratix_add_sub.inc          ; yes             ; Megafunction                       ; d:/quartus/quartus/libraries/megafunctions/alt_stratix_add_sub.inc                                          ;
; alt_mercury_add_sub.inc          ; yes             ; Megafunction                       ; d:/quartus/quartus/libraries/megafunctions/alt_mercury_add_sub.inc                                          ;
; addcore.tdf                      ; yes             ; Megafunction                       ; d:/quartus/quartus/libraries/megafunctions/addcore.tdf                                                      ;
; a_csnbuffer.inc                  ; yes             ; Megafunction                       ; d:/quartus/quartus/libraries/megafunctions/a_csnbuffer.inc                                                  ;
; a_csnbuffer.tdf                  ; yes             ; Megafunction                       ; d:/quartus/quartus/libraries/megafunctions/a_csnbuffer.tdf                                                  ;
; altshift.tdf                     ; yes             ; Megafunction                       ; d:/quartus/quartus/libraries/megafunctions/altshift.tdf                                                     ;
+----------------------------------+-----------------+------------------------------------+-------------------------------------------------------------------------------------------------------------+


+---------------------------------------------+
; Analysis & Synthesis Resource Usage Summary ;
+-----------------------------------+---------+
; Resource                          ; Usage   ;
+-----------------------------------+---------+
; Total logic elements              ; 165     ;
; Total combinational functions     ; 157     ;
;     -- Total 4-input functions    ; 91      ;
;     -- Total 3-input functions    ; 38      ;
;     -- Total 2-input functions    ; 19      ;
;     -- Total 1-input functions    ; 9       ;
;     -- Total 0-input functions    ; 0       ;
; Total registers                   ; 50      ;
; Total logic cells in carry chains ; 24      ;
; I/O pins                          ; 17      ;
; Total memory bits                 ; 2656    ;
; Maximum fan-out node              ; clk     ;
; Maximum fan-out                   ; 58      ;
; Total fan-out                     ; 872     ;
; Average fan-out                   ; 4.17    ;
+-----------------------------------+---------+


+-------------------------------------------------------------------------------------------------------------------------------------------------------------------------------------------------------------------------------------------------------------------------------------+
; Analysis & Synthesis Resource Utilization by Entity                                                                                                                                                                                                                                 ;
+-------------------------------------------+-------------+--------------+-------------+------+--------------+-------------------+------------------+-----------------+------------+-----------------------------------------------------------------------------------+--------------+
; Compilation Hierarchy Node                ; Logic Cells ; LC Registers ; Memory Bits ; Pins ; LUT-Only LCs ; Register-Only LCs ; LUT/Register LCs ; Carry Chain LCs ; Packed LCs ; Full Hierarchy Name                                                               ; Library Name ;
+-------------------------------------------+-------------+--------------+-------------+------+--------------+-------------------+------------------+-----------------+------------+-----------------------------------------------------------------------------------+--------------+
; |ModelMachine_Top                         ; 165 (18)    ; 50           ; 2656        ; 17   ; 115 (18)     ; 8 (0)             ; 42 (0)           ; 24 (0)          ; 0 (0)      ; |ModelMachine_Top                                                                 ; work         ;
;    |au:inst1|                             ; 43 (27)     ; 0            ; 0           ; 0    ; 43 (27)      ; 0 (0)             ; 0 (0)            ; 16 (0)          ; 0 (0)      ; |ModelMachine_Top|au:inst1                                                        ; work         ;
;       |lpm_add_sub:Add0|                  ; 8 (0)       ; 0            ; 0           ; 0    ; 8 (0)        ; 0 (0)             ; 0 (0)            ; 8 (0)           ; 0 (0)      ; |ModelMachine_Top|au:inst1|lpm_add_sub:Add0                                       ; work         ;
;          |addcore:adder|                  ; 8 (1)       ; 0            ; 0           ; 0    ; 8 (1)        ; 0 (0)             ; 0 (0)            ; 8 (1)           ; 0 (0)      ; |ModelMachine_Top|au:inst1|lpm_add_sub:Add0|addcore:adder                         ; work         ;
;             |a_csnbuffer:result_node|     ; 7 (7)       ; 0            ; 0           ; 0    ; 7 (7)        ; 0 (0)             ; 0 (0)            ; 7 (7)           ; 0 (0)      ; |ModelMachine_Top|au:inst1|lpm_add_sub:Add0|addcore:adder|a_csnbuffer:result_node ; work         ;
;       |lpm_add_sub:Add1|                  ; 8 (0)       ; 0            ; 0           ; 0    ; 8 (0)        ; 0 (0)             ; 0 (0)            ; 8 (0)           ; 0 (0)      ; |ModelMachine_Top|au:inst1|lpm_add_sub:Add1                                       ; work         ;
;          |addcore:adder|                  ; 8 (1)       ; 0            ; 0           ; 0    ; 8 (1)        ; 0 (0)             ; 0 (0)            ; 8 (1)           ; 0 (0)      ; |ModelMachine_Top|au:inst1|lpm_add_sub:Add1|addcore:adder                         ; work         ;
;             |a_csnbuffer:result_node|     ; 7 (7)       ; 0            ; 0           ; 0    ; 7 (7)        ; 0 (0)             ; 0 (0)            ; 7 (7)           ; 0 (0)      ; |ModelMachine_Top|au:inst1|lpm_add_sub:Add1|addcore:adder|a_csnbuffer:result_node ; work         ;
;    |controller:inst25|                    ; 1 (1)       ; 0            ; 608         ; 0    ; 1 (1)        ; 0 (0)             ; 0 (0)            ; 0 (0)           ; 0 (0)      ; |ModelMachine_Top|controller:inst25                                               ; work         ;
;       |lpm_rom:urom|                      ; 0 (0)       ; 0            ; 608         ; 0    ; 0 (0)        ; 0 (0)             ; 0 (0)            ; 0 (0)           ; 0 (0)      ; |ModelMachine_Top|controller:inst25|lpm_rom:urom                                  ; work         ;
;          |altrom:srom|                    ; 0 (0)       ; 0            ; 608         ; 0    ; 0 (0)        ; 0 (0)             ; 0 (0)            ; 0 (0)           ; 0 (0)      ; |ModelMachine_Top|controller:inst25|lpm_rom:urom|altrom:srom                      ; work         ;
;    |ir:inst2|                             ; 8 (8)       ; 8            ; 0           ; 0    ; 0 (0)        ; 8 (8)             ; 0 (0)            ; 0 (0)           ; 0 (0)      ; |ModelMachine_Top|ir:inst2                                                        ; work         ;
;    |lpm_ram_io:inst8|                     ; 1 (1)       ; 0            ; 2048        ; 0    ; 1 (1)        ; 0 (0)             ; 0 (0)            ; 0 (0)           ; 0 (0)      ; |ModelMachine_Top|lpm_ram_io:inst8                                                ; work         ;
;       |altram:sram|                       ; 0 (0)       ; 0            ; 2048        ; 0    ; 0 (0)        ; 0 (0)             ; 0 (0)            ; 0 (0)           ; 0 (0)      ; |ModelMachine_Top|lpm_ram_io:inst8|altram:sram                                    ; work         ;
;    |mux3_1:inst9|                         ; 16 (16)     ; 0            ; 0           ; 0    ; 16 (16)      ; 0 (0)             ; 0 (0)            ; 0 (0)           ; 0 (0)      ; |ModelMachine_Top|mux3_1:inst9                                                    ; work         ;
;    |pc:inst|                              ; 8 (0)       ; 8            ; 0           ; 0    ; 0 (0)        ; 0 (0)             ; 8 (0)            ; 8 (0)           ; 0 (0)      ; |ModelMachine_Top|pc:inst                                                         ; work         ;
;       |lpm_counter:c_rtl_0|               ; 8 (0)       ; 8            ; 0           ; 0    ; 0 (0)        ; 0 (0)             ; 8 (0)            ; 8 (0)           ; 0 (0)      ; |ModelMachine_Top|pc:inst|lpm_counter:c_rtl_0                                     ; work         ;
;          |alt_counter_f10ke:wysi_counter| ; 8 (8)       ; 8            ; 0           ; 0    ; 0 (0)        ; 0 (0)             ; 8 (8)            ; 8 (8)           ; 0 (0)      ; |ModelMachine_Top|pc:inst|lpm_counter:c_rtl_0|alt_counter_f10ke:wysi_counter      ; work         ;
;    |psw:inst11|                           ; 1 (1)       ; 1            ; 0           ; 0    ; 0 (0)        ; 0 (0)             ; 1 (1)            ; 0 (0)           ; 0 (0)      ; |ModelMachine_Top|psw:inst11                                                      ; work         ;
;    |reg_group:inst3|                      ; 68 (68)     ; 32           ; 0           ; 0    ; 36 (36)      ; 0 (0)             ; 32 (32)          ; 0 (0)           ; 0 (0)      ; |ModelMachine_Top|reg_group:inst3                                                 ; work         ;
;    |sm:inst13|                            ; 1 (1)       ; 1            ; 0           ; 0    ; 0 (0)        ; 0 (0)             ; 1 (1)            ; 0 (0)           ; 0 (0)      ; |ModelMachine_Top|sm:inst13                                                       ; work         ;
+-------------------------------------------+-------------+--------------+-------------+------+--------------+-------------------+------------------+-----------------+------------+-----------------------------------------------------------------------------------+--------------+
Note: For table entries with two numbers listed, the numbers in parentheses indicate the number of resources of the given type used by the specific entity alone. The numbers listed outside of parentheses indicate the total resources of the given type used by the specific entity and all of its sub-entities in the hierarchy.


+------------------------------------------------------------------------------------------------------------------------------------------------------------+
; Analysis & Synthesis RAM Summary                                                                                                                           ;
+----------------------------------------------------+-------------+--------------+--------------+--------------+--------------+------+----------------------+
; Name                                               ; Mode        ; Port A Depth ; Port A Width ; Port B Depth ; Port B Width ; Size ; MIF                  ;
+----------------------------------------------------+-------------+--------------+--------------+--------------+--------------+------+----------------------+
; controller:inst25|lpm_rom:urom|altrom:srom|content ; ROM         ; 32           ; 20           ; --           ; --           ; 640  ; microcode.mif        ;
; lpm_ram_io:inst8|altram:sram|content               ; Single Port ; 256          ; 8            ; --           ; --           ; 2048 ; ModelMachine_Top.mif ;
+----------------------------------------------------+-------------+--------------+--------------+--------------+--------------+------+----------------------+


+-------------------------------------------------------------------------------------------------------------------------------+
; Registers Protected by Synthesis                                                                                              ;
+---------------+------------------------------------------------------------------+--------------------------------------------+
; Register Name ; Protected by Synthesis Attribute or Preserve Register Assignment ; Not to be Touched by Netlist Optimizations ;
+---------------+------------------------------------------------------------------+--------------------------------------------+
; psw:inst11|gf ; yes                                                              ; yes                                        ;
+---------------+------------------------------------------------------------------+--------------------------------------------+


+------------------------------------------------------+
; General Register Statistics                          ;
+----------------------------------------------+-------+
; Statistic                                    ; Value ;
+----------------------------------------------+-------+
; Total registers                              ; 50    ;
; Number of registers using Synchronous Clear  ; 0     ;
; Number of registers using Synchronous Load   ; 8     ;
; Number of registers using Asynchronous Clear ; 0     ;
; Number of registers using Asynchronous Load  ; 0     ;
; Number of registers using Clock Enable       ; 42    ;
; Number of registers using Preset             ; 0     ;
+----------------------------------------------+-------+


+--------------------------------------------------+
; Inverted Register Statistics                     ;
+----------------------------------------+---------+
; Inverted Register                      ; Fan out ;
+----------------------------------------+---------+
; reg_group:inst3|R3[2]                  ; 2       ;
; reg_group:inst3|R3[1]                  ; 2       ;
; reg_group:inst3|R0[0]                  ; 2       ;
; reg_group:inst3|R3[0]                  ; 2       ;
; Total number of inverted registers = 4 ;         ;
+----------------------------------------+---------+


+---------------------------------------+
; Source assignments for psw:inst11     ;
+-------------------+-------+------+----+
; Assignment        ; Value ; From ; To ;
+-------------------+-------+------+----+
; PRESERVE_REGISTER ; on    ; -    ; -  ;
+-------------------+-------+------+----+


+----------------------------------------------------+
; Source assignments for pc:inst|lpm_counter:c_rtl_0 ;
+---------------------------+-------+------+---------+
; Assignment                ; Value ; From ; To      ;
+---------------------------+-------+------+---------+
; SUPPRESS_DA_RULE_INTERNAL ; a101  ; -    ; -       ;
; SUPPRESS_DA_RULE_INTERNAL ; s102  ; -    ; -       ;
; SUPPRESS_DA_RULE_INTERNAL ; s103  ; -    ; -       ;
+---------------------------+-------+------+---------+


+----------------------------------------------------------------+
; Source assignments for au:inst1|lpm_add_sub:Add0|addcore:adder ;
+---------------------------+-------+------+---------------------+
; Assignment                ; Value ; From ; To                  ;
+---------------------------+-------+------+---------------------+
; SUPPRESS_DA_RULE_INTERNAL ; A103  ; -    ; -                   ;
+---------------------------+-------+------+---------------------+


+----------------------------------------------------------------+
; Source assignments for au:inst1|lpm_add_sub:Add1|addcore:adder ;
+---------------------------+-------+------+---------------------+
; Assignment                ; Value ; From ; To                  ;
+---------------------------+-------+------+---------------------+
; SUPPRESS_DA_RULE_INTERNAL ; A103  ; -    ; -                   ;
+---------------------------+-------+------+---------------------+


+----------------------------------------------------------------+
; Parameter Settings for User Entity Instance: LPM_RAM_IO:inst8  ;
+------------------------+----------------------+----------------+
; Parameter Name         ; Value                ; Type           ;
+------------------------+----------------------+----------------+
; LPM_WIDTH              ; 8                    ; Signed Integer ;
; LPM_WIDTHAD            ; 8                    ; Signed Integer ;
; LPM_NUMWORDS           ; 256                  ; Signed Integer ;
; LPM_INDATA             ; REGISTERED           ; Untyped        ;
; LPM_ADDRESS_CONTROL    ; REGISTERED           ; Untyped        ;
; LPM_OUTDATA            ; UNREGISTERED         ; Untyped        ;
; LPM_FILE               ; ModelMachine_Top.mif ; Untyped        ;
; USE_EAB                ; ON                   ; Untyped        ;
; DEVICE_FAMILY          ; FLEX10K              ; Untyped        ;
; AUTO_CARRY_CHAINS      ; ON                   ; AUTO_CARRY     ;
; IGNORE_CARRY_BUFFERS   ; OFF                  ; IGNORE_CARRY   ;
; AUTO_CASCADE_CHAINS    ; ON                   ; AUTO_CASCADE   ;
; IGNORE_CASCADE_BUFFERS ; OFF                  ; IGNORE_CASCADE ;
+------------------------+----------------------+----------------+
Note: In order to hide this table in the UI and the text report file, please set the "Show Parameter Settings Tables in Synthesis Report" option in "Analysis and Synthesis Settings -> More Settings" to "Off".


+-----------------------------------------------------------------------------+
; Parameter Settings for User Entity Instance: controller:inst25|lpm_rom:urom ;
+------------------------+---------------+------------------------------------+
; Parameter Name         ; Value         ; Type                               ;
+------------------------+---------------+------------------------------------+
; LPM_WIDTH              ; 20            ; Signed Integer                     ;
; LPM_WIDTHAD            ; 5             ; Signed Integer                     ;
; LPM_NUMWORDS           ; 32            ; Untyped                            ;
; LPM_ADDRESS_CONTROL    ; UNREGISTERED  ; Untyped                            ;
; LPM_OUTDATA            ; UNREGISTERED  ; Untyped                            ;
; LPM_FILE               ; microcode.mif ; Untyped                            ;
; DEVICE_FAMILY          ; FLEX10K       ; Untyped                            ;
; AUTO_CARRY_CHAINS      ; ON            ; AUTO_CARRY                         ;
; IGNORE_CARRY_BUFFERS   ; OFF           ; IGNORE_CARRY                       ;
; AUTO_CASCADE_CHAINS    ; ON            ; AUTO_CASCADE                       ;
; IGNORE_CASCADE_BUFFERS ; OFF           ; IGNORE_CASCADE                     ;
+------------------------+---------------+------------------------------------+
Note: In order to hide this table in the UI and the text report file, please set the "Show Parameter Settings Tables in Synthesis Report" option in "Analysis and Synthesis Settings -> More Settings" to "Off".


+------------------------------------------------------------------------------+
; Parameter Settings for Inferred Entity Instance: pc:inst|lpm_counter:c_rtl_0 ;
+------------------------+-------------------+---------------------------------+
; Parameter Name         ; Value             ; Type                            ;
+------------------------+-------------------+---------------------------------+
; AUTO_CARRY_CHAINS      ; ON                ; AUTO_CARRY                      ;
; IGNORE_CARRY_BUFFERS   ; OFF               ; IGNORE_CARRY                    ;
; AUTO_CASCADE_CHAINS    ; ON                ; AUTO_CASCADE                    ;
; IGNORE_CASCADE_BUFFERS ; OFF               ; IGNORE_CASCADE                  ;
; LPM_WIDTH              ; 8                 ; Untyped                         ;
; LPM_DIRECTION          ; UP                ; Untyped                         ;
; LPM_MODULUS            ; 0                 ; Untyped                         ;
; LPM_AVALUE             ; UNUSED            ; Untyped                         ;
; LPM_SVALUE             ; UNUSED            ; Untyped                         ;
; LPM_PORT_UPDOWN        ; PORT_CONNECTIVITY ; Untyped                         ;
; DEVICE_FAMILY          ; FLEX10K           ; Untyped                         ;
; CARRY_CHAIN            ; MANUAL            ; Untyped                         ;
; CARRY_CHAIN_LENGTH     ; 48                ; CARRY_CHAIN_LENGTH              ;
; NOT_GATE_PUSH_BACK     ; ON                ; NOT_GATE_PUSH_BACK              ;
; CARRY_CNT_EN           ; SMART             ; Untyped                         ;
; LABWIDE_SCLR           ; ON                ; Untyped                         ;
; USE_NEW_VERSION        ; TRUE              ; Untyped                         ;
; CBXI_PARAMETER         ; NOTHING           ; Untyped                         ;
+------------------------+-------------------+---------------------------------+
Note: In order to hide this table in the UI and the text report file, please set the "Show Parameter Settings Tables in Synthesis Report" option in "Analysis and Synthesis Settings -> More Settings" to "Off".


+----------------------------------------------------------------------------+
; Parameter Settings for Inferred Entity Instance: au:inst1|lpm_add_sub:Add0 ;
+------------------------+-------------+-------------------------------------+
; Parameter Name         ; Value       ; Type                                ;
+------------------------+-------------+-------------------------------------+
; LPM_WIDTH              ; 8           ; Untyped                             ;
; LPM_REPRESENTATION     ; UNSIGNED    ; Untyped                             ;
; LPM_DIRECTION          ; ADD         ; Untyped                             ;
; ONE_INPUT_IS_CONSTANT  ; NO          ; Untyped                             ;
; LPM_PIPELINE           ; 0           ; Untyped                             ;
; MAXIMIZE_SPEED         ; 5           ; Untyped                             ;
; REGISTERED_AT_END      ; 0           ; Untyped                             ;
; OPTIMIZE_FOR_SPEED     ; 1           ; Untyped                             ;
; USE_CS_BUFFERS         ; 1           ; Untyped                             ;
; CARRY_CHAIN            ; MANUAL      ; Untyped                             ;
; CARRY_CHAIN_LENGTH     ; 48          ; CARRY_CHAIN_LENGTH                  ;
; DEVICE_FAMILY          ; FLEX10K     ; Untyped                             ;
; USE_WYS                ; OFF         ; Untyped                             ;
; STYLE                  ; FAST        ; Untyped                             ;
; CBXI_PARAMETER         ; add_sub_rjh ; Untyped                             ;
; AUTO_CARRY_CHAINS      ; ON          ; AUTO_CARRY                          ;
; IGNORE_CARRY_BUFFERS   ; OFF         ; IGNORE_CARRY                        ;
; AUTO_CASCADE_CHAINS    ; ON          ; AUTO_CASCADE                        ;
; IGNORE_CASCADE_BUFFERS ; OFF         ; IGNORE_CASCADE                      ;
+------------------------+-------------+-------------------------------------+
Note: In order to hide this table in the UI and the text report file, please set the "Show Parameter Settings Tables in Synthesis Report" option in "Analysis and Synthesis Settings -> More Settings" to "Off".


+----------------------------------------------------------------------------+
; Parameter Settings for Inferred Entity Instance: au:inst1|lpm_add_sub:Add1 ;
+------------------------+-------------+-------------------------------------+
; Parameter Name         ; Value       ; Type                                ;
+------------------------+-------------+-------------------------------------+
; LPM_WIDTH              ; 9           ; Untyped                             ;
; LPM_REPRESENTATION     ; UNSIGNED    ; Untyped                             ;
; LPM_DIRECTION          ; ADD         ; Untyped                             ;
; ONE_INPUT_IS_CONSTANT  ; NO          ; Untyped                             ;
; LPM_PIPELINE           ; 0           ; Untyped                             ;
; MAXIMIZE_SPEED         ; 5           ; Untyped                             ;
; REGISTERED_AT_END      ; 0           ; Untyped                             ;
; OPTIMIZE_FOR_SPEED     ; 1           ; Untyped                             ;
; USE_CS_BUFFERS         ; 1           ; Untyped                             ;
; CARRY_CHAIN            ; MANUAL      ; Untyped                             ;
; CARRY_CHAIN_LENGTH     ; 48          ; CARRY_CHAIN_LENGTH                  ;
; DEVICE_FAMILY          ; FLEX10K     ; Untyped                             ;
; USE_WYS                ; OFF         ; Untyped                             ;
; STYLE                  ; FAST        ; Untyped                             ;
; CBXI_PARAMETER         ; add_sub_sjh ; Untyped                             ;
; AUTO_CARRY_CHAINS      ; ON          ; AUTO_CARRY                          ;
; IGNORE_CARRY_BUFFERS   ; OFF         ; IGNORE_CARRY                        ;
; AUTO_CASCADE_CHAINS    ; ON          ; AUTO_CASCADE                        ;
; IGNORE_CASCADE_BUFFERS ; OFF         ; IGNORE_CASCADE                      ;
+------------------------+-------------+-------------------------------------+
Note: In order to hide this table in the UI and the text report file, please set the "Show Parameter Settings Tables in Synthesis Report" option in "Analysis and Synthesis Settings -> More Settings" to "Off".


+-------------------------------+
; Analysis & Synthesis Messages ;
+-------------------------------+
Info: *******************************************************************
Info: Running Quartus II Analysis & Synthesis
    Info: Version 9.0 Build 184 04/29/2009 Service Pack 1 SJ Web Edition
    Info: Processing started: Tue Jan 06 16:58:57 2026
Info: Command: quartus_map --read_settings_files=on --write_settings_files=off ModelMachine_Top -c ModelMachine_Top
Info: Found 1 design units, including 1 entities, in source file ModelMachine_Top.bdf
    Info: Found entity 1: ModelMachine_Top
Info: Found 1 design units, including 1 entities, in source file ../../Experiment3/ir.v
    Info: Found entity 1: ir
Info: Found 1 design units, including 1 entities, in source file ../../Experiment3/psw.v
    Info: Found entity 1: psw
Info: Found 1 design units, including 1 entities, in source file ../../Experiment3/pc.v
    Info: Found entity 1: pc
Info: Found 1 design units, including 1 entities, in source file ../../Experiment3/reg_group.v
    Info: Found entity 1: reg_group
Info: Found 1 design units, including 1 entities, in source file ../../Experiment3/sm.v
    Info: Found entity 1: sm
Info: Found 1 design units, including 1 entities, in source file ../../Experiment2/exp_2/au.v
    Info: Found entity 1: au
Info: Found 1 design units, including 1 entities, in source file ../../Experiment2/exp_2/ins_decode.v
    Info: Found entity 1: ins_decode
Info: Found 1 design units, including 1 entities, in source file ../../Experiment2/exp_2/mux2_1.v
    Info: Found entity 1: mux2_1
Info: Found 1 design units, including 1 entities, in source file ../../Experiment2/exp_2/mux3_1.v
    Info: Found entity 1: mux3_1
Info: Found 1 design units, including 1 entities, in source file controller.v
    Info: Found entity 1: controller
Info: Elaborating entity "ModelMachine_Top" for the top level hierarchy
Info: Elaborating entity "LPM_RAM_IO" for hierarchy "LPM_RAM_IO:inst8"
Info: Elaborated megafunction instantiation "LPM_RAM_IO:inst8"
Info: Instantiated megafunction "LPM_RAM_IO:inst8" with the following parameter:
    Info: Parameter "LPM_ADDRESS_CONTROL" = "REGISTERED"
    Info: Parameter "LPM_FILE" = "ModelMachine_Top.mif"
    Info: Parameter "LPM_INDATA" = "REGISTERED"
    Info: Parameter "LPM_NUMWORDS" = "256"
    Info: Parameter "LPM_OUTDATA" = "UNREGISTERED"
    Info: Parameter "LPM_WIDTH" = "8"
    Info: Parameter "LPM_WIDTHAD" = "8"
Info: Elaborating entity "altram" for hierarchy "LPM_RAM_IO:inst8|altram:sram"
Info: Elaborated megafunction instantiation "LPM_RAM_IO:inst8|altram:sram", which is child of megafunction instantiation "LPM_RAM_IO:inst8"
Info: Elaborating entity "controller" for hierarchy "controller:inst25"
Info: Elaborating entity "lpm_rom" for hierarchy "controller:inst25|lpm_rom:urom"
Info: Elaborated megafunction instantiation "controller:inst25|lpm_rom:urom"
Info: Instantiated megafunction "controller:inst25|lpm_rom:urom" with the following parameter:
    Info: Parameter "lpm_width" = "20"
    Info: Parameter "lpm_widthad" = "5"
    Info: Parameter "lpm_file" = "microcode.mif"
    Info: Parameter "lpm_address_control" = "UNREGISTERED"
    Info: Parameter "lpm_outdata" = "UNREGISTERED"
Info: Elaborating entity "altrom" for hierarchy "controller:inst25|lpm_rom:urom|altrom:srom"
Info: Elaborated megafunction instantiation "controller:inst25|lpm_rom:urom|altrom:srom", which is child of megafunction instantiation "controller:inst25|lpm_rom:urom"
Info: Elaborating entity "psw" for hierarchy "psw:inst11"
Info: Elaborating entity "au" for hierarchy "au:inst1"
Info: Elaborating entity "reg_group" for hierarchy "reg_group:inst3"
Info: Elaborating entity "mux2_1" for hierarchy "mux2_1:inst4"
Info: Elaborating entity "pc" for hierarchy "pc:inst"
Info: Elaborating entity "sm" for hierarchy "sm:inst13"
Info: Elaborating entity "ir" for hierarchy "ir:inst2"
Info: Elaborating entity "mux3_1" for hierarchy "mux3_1:inst9"
Warning: Synthesized away the following node(s):
    Warning: Synthesized away the following RAM node(s):
        Warning (14320): Synthesized away node "controller:inst25|lpm_rom:urom|altrom:srom|q[18]"
Info: Inferred 1 megafunctions from design logic
    Info: Inferred lpm_counter megafunction (LPM_WIDTH=8) from the following logic: "pc:inst|c[0]~16"
Info: Inferred 2 megafunctions from design logic
    Info: Inferred adder/subtractor megafunction ("lpm_add_sub") from the following logic: "au:inst1|Add0"
    Info: Inferred adder/subtractor megafunction ("lpm_add_sub") from the following logic: "au:inst1|Add1"
Info: Elaborated megafunction instantiation "pc:inst|lpm_counter:c_rtl_0"
Info: Instantiated megafunction "pc:inst|lpm_counter:c_rtl_0" with the following parameter:
    Info: Parameter "LPM_WIDTH" = "8"
    Info: Parameter "LPM_DIRECTION" = "UP"
    Info: Parameter "LPM_TYPE" = "LPM_COUNTER"
Info: Elaborated megafunction instantiation "pc:inst|lpm_counter:c_rtl_0|alt_counter_f10ke:wysi_counter", which is child of megafunction instantiation "pc:inst|lpm_counter:c_rtl_0"
Info: Elaborated megafunction instantiation "au:inst1|lpm_add_sub:Add0"
Info: Instantiated megafunction "au:inst1|lpm_add_sub:Add0" with the following parameter:
    Info: Parameter "LPM_WIDTH" = "8"
    Info: Parameter "LPM_DIRECTION" = "ADD"
    Info: Parameter "LPM_REPRESENTATION" = "UNSIGNED"
    Info: Parameter "ONE_INPUT_IS_CONSTANT" = "NO"
Info: Elaborated megafunction instantiation "au:inst1|lpm_add_sub:Add0|addcore:adder", which is child of megafunction instantiation "au:inst1|lpm_add_sub:Add0"
Info: Elaborated megafunction instantiation "au:inst1|lpm_add_sub:Add0|addcore:adder|a_csnbuffer:oflow_node", which is child of megafunction instantiation "au:inst1|lpm_add_sub:Add0"
Info: Elaborated megafunction instantiation "au:inst1|lpm_add_sub:Add0|addcore:adder|a_csnbuffer:result_node", which is child of megafunction instantiation "au:inst1|lpm_add_sub:Add0"
Info: Elaborated megafunction instantiation "au:inst1|lpm_add_sub:Add0|altshift:result_ext_latency_ffs", which is child of megafunction instantiation "au:inst1|lpm_add_sub:Add0"
Info: Elaborated megafunction instantiation "au:inst1|lpm_add_sub:Add0|altshift:carry_ext_latency_ffs", which is child of megafunction instantiation "au:inst1|lpm_add_sub:Add0"
Info: Elaborated megafunction instantiation "au:inst1|lpm_add_sub:Add1"
Info: Instantiated megafunction "au:inst1|lpm_add_sub:Add1" with the following parameter:
    Info: Parameter "LPM_WIDTH" = "9"
    Info: Parameter "LPM_DIRECTION" = "ADD"
    Info: Parameter "LPM_REPRESENTATION" = "UNSIGNED"
    Info: Parameter "ONE_INPUT_IS_CONSTANT" = "NO"
Info: Elaborated megafunction instantiation "au:inst1|lpm_add_sub:Add1|addcore:adder", which is child of megafunction instantiation "au:inst1|lpm_add_sub:Add1"
Info: Elaborated megafunction instantiation "au:inst1|lpm_add_sub:Add1|addcore:adder|a_csnbuffer:oflow_node", which is child of megafunction instantiation "au:inst1|lpm_add_sub:Add1"
Info: Elaborated megafunction instantiation "au:inst1|lpm_add_sub:Add1|addcore:adder|a_csnbuffer:result_node", which is child of megafunction instantiation "au:inst1|lpm_add_sub:Add1"
Info: Elaborated megafunction instantiation "au:inst1|lpm_add_sub:Add1|altshift:result_ext_latency_ffs", which is child of megafunction instantiation "au:inst1|lpm_add_sub:Add1"
Warning: Always-enabled tri-state buffer(s) removed
    Warning: Converted the fanout from the always-enabled tri-state buffer "controller:inst25|lpm_rom:urom|otri[15]" to the node "lpm_ram_io:inst8|_" into a wire
    Warning: Converted the fanout from the always-enabled tri-state buffer "controller:inst25|lpm_rom:urom|otri[6]" to the node "mux3_1:inst9|Mux7" into a wire
    Warning: Converted the fanout from the always-enabled tri-state buffer "controller:inst25|lpm_rom:urom|otri[19]" to the node "sm:inst13|sm" into a wire
    Warning: Converted the fanout from the always-enabled tri-state buffer "controller:inst25|lpm_rom:urom|otri[10]" to the node "psw:inst11|gf" into a wire
    Warning: Converted the fanout from the always-enabled tri-state buffer "controller:inst25|lpm_rom:urom|otri[14]" to the node "lpm_ram_io:inst8|_" into a wire
Warning: Tri-state node(s) do not directly drive top-level pin(s)
    Warning: Converted the fan-out from the tri-state buffer "controller:inst25|lpm_rom:urom|otri[2]" to the node "au:inst1|Mux8" into an OR gate
    Warning: Converted the fan-out from the tri-state buffer "controller:inst25|lpm_rom:urom|otri[4]" to the node "au:inst1|Mux8" into an OR gate
    Warning: Converted the fan-out from the tri-state buffer "controller:inst25|lpm_rom:urom|otri[11]" to the node "au:inst1|t[7]" into an OR gate
    Warning: Converted the fan-out from the tri-state buffer "controller:inst25|lpm_rom:urom|otri[3]" to the node "au:inst1|Mux8" into an OR gate
    Warning: Converted the fan-out from the tri-state buffer "controller:inst25|lpm_rom:urom|otri[5]" to the node "au:inst1|Mux8" into an OR gate
    Warning: Converted the fan-out from the tri-state buffer "controller:inst25|lpm_rom:urom|otri[12]" to the node "mux2_1:inst4|y[0]" into an OR gate
    Warning: Converted the fan-out from the tri-state buffer "controller:inst25|lpm_rom:urom|otri[13]" to the node "reg_group:inst3|R0[7]" into an OR gate
    Warning: Converted the fan-out from the tri-state buffer "controller:inst25|lpm_rom:urom|otri[16]" to the node "ir:inst2|x[0]" into an OR gate
    Warning: Converted the fan-out from the tri-state buffer "controller:inst25|lpm_rom:urom|otri[7]" to the node "mux3_1:inst9|Mux7" into an OR gate
    Warning: Converted the fan-out from the tri-state buffer "controller:inst25|lpm_rom:urom|otri[17]" to the node "pc:inst|lpm_counter:c_rtl_0|alt_counter_f10ke:wysi_counter|counter_cell[7]" into an OR gate
    Warning: Converted the fan-out from the tri-state buffer "controller:inst25|lpm_rom:urom|otri[1]" to the node "controller:inst25|Equal0" into an OR gate
    Warning: Converted the fan-out from the tri-state buffer "controller:inst25|lpm_rom:urom|otri[0]" to the node "controller:inst25|Equal0" into an OR gate
    Warning: Converted the fan-out from the tri-state buffer "controller:inst25|lpm_rom:urom|otri[8]" to the node "inst7[7]" into an OR gate
    Warning: Converted the fan-out from the tri-state buffer "controller:inst25|lpm_rom:urom|otri[8]" to the node "inst7[6]" into an OR gate
    Warning: Converted the fan-out from the tri-state buffer "controller:inst25|lpm_rom:urom|otri[8]" to the node "inst7[5]" into an OR gate
    Warning: Converted the fan-out from the tri-state buffer "controller:inst25|lpm_rom:urom|otri[8]" to the node "inst7[4]" into an OR gate
    Warning: Converted the fan-out from the tri-state buffer "controller:inst25|lpm_rom:urom|otri[8]" to the node "inst7[3]" into an OR gate
    Warning: Converted the fan-out from the tri-state buffer "controller:inst25|lpm_rom:urom|otri[8]" to the node "inst7[2]" into an OR gate
    Warning: Converted the fan-out from the tri-state buffer "controller:inst25|lpm_rom:urom|otri[8]" to the node "inst7[1]" into an OR gate
    Warning: Converted the fan-out from the tri-state buffer "controller:inst25|lpm_rom:urom|otri[9]" to the node "inst6[7]" into an OR gate
    Warning: Converted the fan-out from the tri-state buffer "controller:inst25|lpm_rom:urom|otri[9]" to the node "inst6[6]" into an OR gate
    Warning: Converted the fan-out from the tri-state buffer "controller:inst25|lpm_rom:urom|otri[9]" to the node "inst6[5]" into an OR gate
    Warning: Converted the fan-out from the tri-state buffer "controller:inst25|lpm_rom:urom|otri[9]" to the node "inst6[4]" into an OR gate
    Warning: Converted the fan-out from the tri-state buffer "controller:inst25|lpm_rom:urom|otri[9]" to the node "inst6[3]" into an OR gate
    Warning: Converted the fan-out from the tri-state buffer "controller:inst25|lpm_rom:urom|otri[9]" to the node "inst6[2]" into an OR gate
    Warning: Converted the fan-out from the tri-state buffer "controller:inst25|lpm_rom:urom|otri[9]" to the node "inst6[1]" into an OR gate
    Warning: Converted the fan-out from the tri-state buffer "controller:inst25|lpm_rom:urom|otri[14]" to the node "lpm_ram_io:inst8|datatri[7]" into an OR gate
    Warning: Converted the fan-out from the tri-state buffer "controller:inst25|lpm_rom:urom|otri[14]" to the node "lpm_ram_io:inst8|datatri[6]" into an OR gate
    Warning: Converted the fan-out from the tri-state buffer "controller:inst25|lpm_rom:urom|otri[14]" to the node "lpm_ram_io:inst8|datatri[5]" into an OR gate
    Warning: Converted the fan-out from the tri-state buffer "controller:inst25|lpm_rom:urom|otri[14]" to the node "lpm_ram_io:inst8|datatri[4]" into an OR gate
    Warning: Converted the fan-out from the tri-state buffer "controller:inst25|lpm_rom:urom|otri[14]" to the node "lpm_ram_io:inst8|datatri[3]" into an OR gate
    Warning: Converted the fan-out from the tri-state buffer "controller:inst25|lpm_rom:urom|otri[14]" to the node "lpm_ram_io:inst8|datatri[2]" into an OR gate
    Warning: Converted the fan-out from the tri-state buffer "controller:inst25|lpm_rom:urom|otri[14]" to the node "lpm_ram_io:inst8|datatri[1]" into an OR gate
    Warning: Converted the fan-out from the tri-state buffer "controller:inst25|lpm_rom:urom|otri[14]" to the node "lpm_ram_io:inst8|datatri[0]" into an OR gate
    Warning: Converted the fan-out from the tri-state buffer "controller:inst25|lpm_rom:urom|otri[8]" to the node "inst7[0]" into an OR gate
    Warning: Converted the fan-out from the tri-state buffer "controller:inst25|lpm_rom:urom|otri[9]" to the node "inst6[0]" into an OR gate
Warning: Tri-state node(s) do not directly drive top-level pin(s)
    Warning: Converted the fan-out from the tri-state buffer "inst6[7]" to the node "ir:inst2|x[7]" into an OR gate
    Warning: Converted the fan-out from the tri-state buffer "inst6[6]" to the node "ir:inst2|x[6]" into an OR gate
    Warning: Converted the fan-out from the tri-state buffer "inst6[5]" to the node "ir:inst2|x[5]" into an OR gate
    Warning: Converted the fan-out from the tri-state buffer "inst6[4]" to the node "ir:inst2|x[4]" into an OR gate
    Warning: Converted the fan-out from the tri-state buffer "inst6[3]" to the node "ir:inst2|x[3]" into an OR gate
    Warning: Converted the fan-out from the tri-state buffer "inst6[2]" to the node "ir:inst2|x[2]" into an OR gate
    Warning: Converted the fan-out from the tri-state buffer "inst6[1]" to the node "ir:inst2|x[1]" into an OR gate
    Warning: Converted the fan-out from the tri-state buffer "inst6[0]" to the node "ir:inst2|x[0]" into an OR gate
Info: Implemented 209 device resources after synthesis - the final resource count might be different
    Info: Implemented 9 input pins
    Info: Implemented 8 output pins
    Info: Implemented 165 logic cells
    Info: Implemented 27 RAM segments
Info: Quartus II Analysis & Synthesis was successful. 0 errors, 55 warnings
    Info: Peak virtual memory: 230 megabytes
    Info: Processing ended: Tue Jan 06 16:59:02 2026
    Info: Elapsed time: 00:00:05
    Info: Total CPU time (on all processors): 00:00:05


