Fitter report for ModelMachine_Top
Tue Jan 06 17:45:25 2026
Quartus II Version 9.0 Build 184 04/29/2009 Service Pack 1 SJ Web Edition


---------------------
; Table of Contents ;
---------------------
  1. Legal Notice
  2. Fitter Summary
  3. Fitter Settings
  4. Parallel Compilation
  5. Fitter Device Options
  6. Input Pins
  7. Output Pins
  8. All Package Pins
  9. Control Signals
 10. Global & Other Fast Signals
 11. Carry Chains
 12. Cascade Chains
 13. Embedded Cells
 14. Non-Global High Fan-Out Signals
 15. Peripheral Signals
 16. LAB
 17. Local Routing Interconnect
 18. LAB External Interconnect
 19. Row Interconnect
 20. LAB Column Interconnect
 21. LAB Column Interconnect
 22. Fitter Resource Usage Summary
 23. Fitter Resource Utilization by Entity
 24. Delay Chain Summary
 25. Fitter RAM Summary
 26. Pin-Out File
 27. Fitter Messages



----------------
; Legal Notice ;
----------------
Copyright (C) 1991-2009 Altera Corporation
Your use of Altera Corporation's design tools, logic functions 
and other software and tools, and its AMPP partner logic 
functions, and any output files from any of the foregoing 
(including device programming or simulation files), and any 
associated documentation or information are expressly subject 
to the terms and conditions of the Altera Program License 
Subscription Agreement, Altera MegaCore Function License 
Agreement, or other applicable license agreement, including, 
without limitation, that your use is for the sole purpose of 
programming logic devices manufactured by Altera and sold by 
Altera or its authorized distributors.  Please refer to the 
applicable agreement for further details.



+----------------------------------------------------------------------+
; Fitter Summary                                                       ;
+-----------------------+----------------------------------------------+
; Fitter Status         ; Successful - Tue Jan 06 17:45:25 2026        ;
; Quartus II Version    ; 9.0 Build 184 04/29/2009 SP 1 SJ Web Edition ;
; Revision Name         ; ModelMachine_Top                             ;
; Top-level Entity Name ; ModelMachine_Top                             ;
; Family                ; FLEX10K                                      ;
; Device                ; EPF10K20TC144-4                              ;
; Timing Models         ; Final                                        ;
; Total logic elements  ; 189 / 1,152 ( 16 % )                         ;
; Total pins            ; 25 / 102 ( 25 % )                            ;
; Total memory bits     ; 2,048 / 12,288 ( 17 % )                      ;
+-----------------------+----------------------------------------------+


+------------------------------------------------------------------------------------------------------+
; Fitter Settings                                                                                      ;
+------------------------------------------------------------+--------------------+--------------------+
; Option                                                     ; Setting            ; Default Value      ;
+------------------------------------------------------------+--------------------+--------------------+
; Device                                                     ; EPF10K20TC144-4    ;                    ;
; Use smart compilation                                      ; Off                ; Off                ;
; Use TimeQuest Timing Analyzer                              ; Off                ; Off                ;
; Router Timing Optimization Level                           ; Normal             ; Normal             ;
; Placement Effort Multiplier                                ; 1.0                ; 1.0                ;
; Router Effort Multiplier                                   ; 1.0                ; 1.0                ;
; Optimize Timing                                            ; Normal compilation ; Normal compilation ;
; Optimize Timing for ECOs                                   ; Off                ; Off                ;
; Regenerate full fit report during ECO compiles             ; Off                ; Off                ;
; Optimize IOC Register Placement for Timing                 ; On                 ; On                 ;
; Limit to One Fitting Attempt                               ; Off                ; Off                ;
; Final Placement Optimizations                              ; Automatically      ; Automatically      ;
; Fitter Aggressive Routability Optimizations                ; Automatically      ; Automatically      ;
; Fitter Initial Placement Seed                              ; 1                  ; 1                  ;
; Slow Slew Rate                                             ; Off                ; Off                ;
; Auto Global Memory Control Signals                         ; Off                ; Off                ;
; Logic Cell Insertion - Individual Logic Cells              ; On                 ; On                 ;
; Logic Cell Insertion - I/Os Fed By Carry or Cascade Chains ; On                 ; On                 ;
; Fitter Effort                                              ; Auto Fit           ; Auto Fit           ;
; Auto Global Clock                                          ; On                 ; On                 ;
; Auto Global Output Enable                                  ; On                 ; On                 ;
; Auto Global Register Control Signals                       ; On                 ; On                 ;
; Force Fitter to Avoid Periphery Placement Warnings         ; Off                ; Off                ;
+------------------------------------------------------------+--------------------+--------------------+


Parallel compilation was disabled, but you have multiple processors available. Enable parallel compilation to reduce compilation time.
+-------------------------------------+
; Parallel Compilation                ;
+----------------------------+--------+
; Processors                 ; Number ;
+----------------------------+--------+
; Number detected on machine ; 16     ;
; Maximum allowed            ; 1      ;
+----------------------------+--------+


+-------------------------------------------------------------------------+
; Fitter Device Options                                                   ;
+----------------------------------------------+--------------------------+
; Option                                       ; Setting                  ;
+----------------------------------------------+--------------------------+
; Enable user-supplied start-up clock (CLKUSR) ; Off                      ;
; Enable device-wide reset (DEV_CLRn)          ; Off                      ;
; Enable device-wide output enable (DEV_OE)    ; Off                      ;
; Enable INIT_DONE output                      ; Off                      ;
; Configuration scheme                         ; Passive Serial           ;
; nWS, nRS, nCS, CS                            ; Unreserved               ;
; RDYnBUSY                                     ; Unreserved               ;
; Data[7..1]                                   ; Unreserved               ;
; Reserve all unused pins                      ; As output driving ground ;
; Base pin-out file on sameframe device        ; Off                      ;
+----------------------------------------------+--------------------------+


+---------------------------------------------------------------------------------------------------------------------------------------+
; Input Pins                                                                                                                            ;
+-------+-------+-----+------+---------+--------+--------------+-------------------------+---------------+---------------+--------------+
; Name  ; Pin # ; Row ; Col. ; Fan-Out ; Global ; I/O Register ; Use Local Routing Input ; Power Up High ; Single-Pin CE ; I/O Standard ;
+-------+-------+-----+------+---------+--------+--------------+-------------------------+---------------+---------------+--------------+
; clk   ; 55    ; --  ; --   ; 58      ; yes    ; no           ; no                      ; no            ; no            ; TTL          ;
; SW[7] ; 126   ; --  ; --   ; 1       ; no     ; no           ; no                      ; no            ; no            ; TTL          ;
; SW[6] ; 124   ; --  ; --   ; 1       ; no     ; no           ; no                      ; no            ; no            ; TTL          ;
; SW[5] ; 54    ; --  ; --   ; 1       ; no     ; no           ; no                      ; no            ; no            ; TTL          ;
; SW[4] ; 56    ; --  ; --   ; 1       ; no     ; no           ; no                      ; no            ; no            ; TTL          ;
; SW[3] ; 125   ; --  ; --   ; 1       ; no     ; no           ; no                      ; no            ; no            ; TTL          ;
; SW[2] ; 119   ; --  ; 7    ; 1       ; no     ; no           ; no                      ; no            ; no            ; TTL          ;
; SW[1] ; 11    ;  C  ; --   ; 1       ; no     ; no           ; no                      ; no            ; no            ; TTL          ;
; SW[0] ; 91    ;  C  ; --   ; 1       ; no     ; no           ; no                      ; no            ; no            ; TTL          ;
+-------+-------+-----+------+---------+--------+--------------+-------------------------+---------------+---------------+--------------+


+------------------------------------------------------------------------------------------------------------------------------------------------------------------------------------+
; Output Pins                                                                                                                                                                        ;
+--------+-------+-----+------+--------------+--------------------------+---------------+----------------+---------------+---------------+------------+---------------+--------------+
; Name   ; Pin # ; Row ; Col. ; I/O Register ; Use Local Routing Output ; Power Up High ; Slow Slew Rate ; Single-Pin OE ; Single-Pin CE ; Open Drain ; TRI Primitive ; I/O Standard ;
+--------+-------+-----+------+--------------+--------------------------+---------------+----------------+---------------+---------------+------------+---------------+--------------+
; LED[7] ; 116   ; --  ; 4    ; no           ; no                       ; no            ; no             ; no            ; no            ; no         ; yes           ; TTL          ;
; LED[0] ; 51    ; --  ; 14   ; no           ; no                       ; no            ; no             ; no            ; no            ; no         ; yes           ; TTL          ;
; LED[3] ; 60    ; --  ; 12   ; no           ; no                       ; no            ; no             ; no            ; no            ; no         ; yes           ; TTL          ;
; LED[4] ; 59    ; --  ; 12   ; no           ; no                       ; no            ; no             ; no            ; no            ; no         ; yes           ; TTL          ;
; LED[2] ; 73    ; --  ; 1    ; no           ; no                       ; no            ; no             ; no            ; no            ; no         ; yes           ; TTL          ;
; LED[5] ; 121   ; --  ; 10   ; no           ; no                       ; no            ; no             ; no            ; no            ; no         ; yes           ; TTL          ;
; LED[1] ; 110   ; --  ; 1    ; no           ; no                       ; no            ; no             ; no            ; no            ; no         ; yes           ; TTL          ;
; LED[6] ; 111   ; --  ; 1    ; no           ; no                       ; no            ; no             ; no            ; no            ; no         ; yes           ; TTL          ;
; tmp[7] ; 118   ; --  ; 6    ; no           ; no                       ; no            ; no             ; no            ; no            ; no         ; no            ; TTL          ;
; tmp[6] ; 90    ;  C  ; --   ; no           ; no                       ; no            ; no             ; no            ; no            ; no         ; no            ; TTL          ;
; tmp[5] ; 117   ; --  ; 5    ; no           ; no                       ; no            ; no             ; no            ; no            ; no         ; no            ; TTL          ;
; tmp[4] ; 14    ;  C  ; --   ; no           ; no                       ; no            ; no             ; no            ; no            ; no         ; no            ; TTL          ;
; tmp[3] ; 92    ;  C  ; --   ; no           ; no                       ; no            ; no             ; no            ; no            ; no         ; no            ; TTL          ;
; tmp[2] ; 13    ;  C  ; --   ; no           ; no                       ; no            ; no             ; no            ; no            ; no         ; no            ; TTL          ;
; tmp[1] ; 12    ;  C  ; --   ; no           ; no                       ; no            ; no             ; no            ; no            ; no         ; no            ; TTL          ;
; tmp[0] ; 81    ;  F  ; --   ; no           ; no                       ; no            ; no             ; no            ; no            ; no         ; no            ; TTL          ;
+--------+-------+-----+------+--------------+--------------------------+---------------+----------------+---------------+---------------+------------+---------------+--------------+


+-----------------------------------+
; All Package Pins                  ;
+-------+------------+--------------+
; Pin # ; Usage      ; I/O Standard ;
+-------+------------+--------------+
; 1     ; #TCK       ;              ;
; 2     ; ^CONF_DONE ;              ;
; 3     ; ^nCEO      ;              ;
; 4     ; #TDO       ;              ;
; 5     ; VCC_IO     ;              ;
; 6     ; VCC_INT    ;              ;
; 7     ; GND*       ;              ;
; 8     ; GND*       ;              ;
; 9     ; GND*       ;              ;
; 10    ; GND*       ;              ;
; 11    ; SW[1]      ; TTL          ;
; 12    ; tmp[1]     ; TTL          ;
; 13    ; tmp[2]     ; TTL          ;
; 14    ; tmp[4]     ; TTL          ;
; 15    ; GND_IO     ;              ;
; 16    ; GND_INT    ;              ;
; 17    ; GND*       ;              ;
; 18    ; GND*       ;              ;
; 19    ; GND*       ;              ;
; 20    ; GND*       ;              ;
; 21    ; GND*       ;              ;
; 22    ; GND*       ;              ;
; 23    ; GND*       ;              ;
; 24    ; VCC_IO     ;              ;
; 25    ; VCC_INT    ;              ;
; 26    ; GND*       ;              ;
; 27    ; GND*       ;              ;
; 28    ; GND*       ;              ;
; 29    ; GND*       ;              ;
; 30    ; GND*       ;              ;
; 31    ; GND*       ;              ;
; 32    ; GND*       ;              ;
; 33    ; GND*       ;              ;
; 34    ; #TMS       ;              ;
; 35    ; ^nSTATUS   ;              ;
; 36    ; GND*       ;              ;
; 37    ; GND*       ;              ;
; 38    ; GND*       ;              ;
; 39    ; GND*       ;              ;
; 40    ; GND_IO     ;              ;
; 41    ; GND*       ;              ;
; 42    ; GND*       ;              ;
; 43    ; GND*       ;              ;
; 44    ; GND*       ;              ;
; 45    ; VCC_IO     ;              ;
; 46    ; GND*       ;              ;
; 47    ; GND*       ;              ;
; 48    ; GND*       ;              ;
; 49    ; GND*       ;              ;
; 50    ; GND_IO     ;              ;
; 51    ; LED[0]     ; TTL          ;
; 52    ; VCC_INT    ;              ;
; 53    ; VCC_INT    ;              ;
; 54    ; SW[5]      ; TTL          ;
; 55    ; clk        ; TTL          ;
; 56    ; SW[4]      ; TTL          ;
; 57    ; GND_INT    ;              ;
; 58    ; GND_INT    ;              ;
; 59    ; LED[4]     ; TTL          ;
; 60    ; LED[3]     ; TTL          ;
; 61    ; VCC_IO     ;              ;
; 62    ; GND*       ;              ;
; 63    ; GND*       ;              ;
; 64    ; GND*       ;              ;
; 65    ; GND*       ;              ;
; 66    ; GND_IO     ;              ;
; 67    ; GND*       ;              ;
; 68    ; GND*       ;              ;
; 69    ; GND*       ;              ;
; 70    ; GND*       ;              ;
; 71    ; VCC_IO     ;              ;
; 72    ; GND*       ;              ;
; 73    ; LED[2]     ; TTL          ;
; 74    ; ^nCONFIG   ;              ;
; 75    ; VCC_INT    ;              ;
; 76    ; ^MSEL1     ;              ;
; 77    ; ^MSEL0     ;              ;
; 78    ; GND*       ;              ;
; 79    ; GND*       ;              ;
; 80    ; GND*       ;              ;
; 81    ; tmp[0]     ; TTL          ;
; 82    ; GND*       ;              ;
; 83    ; GND*       ;              ;
; 84    ; GND_INT    ;              ;
; 85    ; GND_IO     ;              ;
; 86    ; GND*       ;              ;
; 87    ; GND*       ;              ;
; 88    ; GND*       ;              ;
; 89    ; GND*       ;              ;
; 90    ; tmp[6]     ; TTL          ;
; 91    ; SW[0]      ; TTL          ;
; 92    ; tmp[3]     ; TTL          ;
; 93    ; VCC_INT    ;              ;
; 94    ; VCC_IO     ;              ;
; 95    ; GND*       ;              ;
; 96    ; GND*       ;              ;
; 97    ; GND*       ;              ;
; 98    ; GND*       ;              ;
; 99    ; GND*       ;              ;
; 100   ; GND*       ;              ;
; 101   ; GND*       ;              ;
; 102   ; GND*       ;              ;
; 103   ; GND_INT    ;              ;
; 104   ; GND_IO     ;              ;
; 105   ; #TDI       ;              ;
; 106   ; ^nCE       ;              ;
; 107   ; ^DCLK      ;              ;
; 108   ; ^DATA0     ;              ;
; 109   ; GND*       ;              ;
; 110   ; LED[1]     ; TTL          ;
; 111   ; LED[6]     ; TTL          ;
; 112   ; GND*       ;              ;
; 113   ; GND*       ;              ;
; 114   ; GND*       ;              ;
; 115   ; VCC_IO     ;              ;
; 116   ; LED[7]     ; TTL          ;
; 117   ; tmp[5]     ; TTL          ;
; 118   ; tmp[7]     ; TTL          ;
; 119   ; SW[2]      ; TTL          ;
; 120   ; GND*       ;              ;
; 121   ; LED[5]     ; TTL          ;
; 122   ; GND*       ;              ;
; 123   ; VCC_INT    ;              ;
; 124   ; SW[6]      ; TTL          ;
; 125   ; SW[3]      ; TTL          ;
; 126   ; SW[7]      ; TTL          ;
; 127   ; GND_INT    ;              ;
; 128   ; GND*       ;              ;
; 129   ; GND_IO     ;              ;
; 130   ; GND*       ;              ;
; 131   ; GND*       ;              ;
; 132   ; GND*       ;              ;
; 133   ; GND*       ;              ;
; 134   ; VCC_IO     ;              ;
; 135   ; GND*       ;              ;
; 136   ; GND*       ;              ;
; 137   ; GND*       ;              ;
; 138   ; GND*       ;              ;
; 139   ; GND_IO     ;              ;
; 140   ; GND*       ;              ;
; 141   ; GND*       ;              ;
; 142   ; GND*       ;              ;
; 143   ; GND*       ;              ;
; 144   ; GND*       ;              ;
+-------+------------+--------------+


+-------------------------------------------------------------------------------+
; Control Signals                                                               ;
+----------------------------+---------+---------+---------------+--------------+
; Name                       ; Pin #   ; Fan-Out ; Usage         ; Global Usage ;
+----------------------------+---------+---------+---------------+--------------+
; inst6[7]~2                 ; LC1_C4  ; 8       ; Output enable ; Non-global   ;
; clk                        ; 55      ; 58      ; Clock         ; Pin          ;
; controller:inst12|ld_pc~14 ; LC7_C8  ; 8       ; Sync. load    ; Non-global   ;
; reg_group:inst3|R2[7]~33   ; LC3_C24 ; 8       ; Clock enable  ; Non-global   ;
; reg_group:inst3|R0[7]~33   ; LC2_C24 ; 8       ; Clock enable  ; Non-global   ;
; reg_group:inst3|R3[7]~33   ; LC6_C24 ; 8       ; Clock enable  ; Non-global   ;
; reg_group:inst3|R1[7]~33   ; LC7_C6  ; 8       ; Clock enable  ; Non-global   ;
; ir:inst2|x[4]~16           ; LC6_C8  ; 8       ; Clock enable  ; Non-global   ;
; ins_decode:inst16|sub~2    ; LC5_C8  ; 1       ; Clock enable  ; Non-global   ;
; ins_decode:inst16|movb~1   ; LC8_C7  ; 8       ; Write enable  ; Non-global   ;
+----------------------------+---------+---------+---------------+--------------+


+----------------------------------+
; Global & Other Fast Signals      ;
+-------+-------+---------+--------+
; Name  ; Pin # ; Fan-Out ; Global ;
+-------+-------+---------+--------+
; clk   ; 55    ; 58      ; yes    ;
; SW[7] ; 126   ; 1       ; no     ;
; SW[6] ; 124   ; 1       ; no     ;
; SW[5] ; 54    ; 1       ; no     ;
; SW[4] ; 56    ; 1       ; no     ;
; SW[3] ; 125   ; 1       ; no     ;
+-------+-------+---------+--------+


+---------------------------------------------+
; Carry Chains                                ;
+--------------------+------------------------+
; Carry Chain Length ; Number of Carry Chains ;
+--------------------+------------------------+
; 0                  ; 0                      ;
; 1                  ; 0                      ;
; 2                  ; 0                      ;
; 3                  ; 0                      ;
; 4                  ; 0                      ;
; 5                  ; 0                      ;
; 6                  ; 0                      ;
; 7                  ; 0                      ;
; 8                  ; 3                      ;
+--------------------+------------------------+


+----------------+
; Cascade Chains ;
+--------+-------+
; Length ; Count ;
+--------+-------+
; 2      ; 9     ;
; 3      ; 1     ;
+--------+-------+


+-----------------------------------------------------------+
; Embedded Cells                                            ;
+--------+-----------------------------------+------+-------+
; Cell # ; Name                              ; Mode ; Turbo ;
+--------+-----------------------------------+------+-------+
; EC7_C  ; lpm_ram_io:inst8|altram:sram|q[7] ; RAM  ; Off   ;
; EC2_C  ; lpm_ram_io:inst8|altram:sram|q[6] ; RAM  ; Off   ;
; EC4_C  ; lpm_ram_io:inst8|altram:sram|q[5] ; RAM  ; Off   ;
; EC3_C  ; lpm_ram_io:inst8|altram:sram|q[4] ; RAM  ; Off   ;
; EC6_C  ; lpm_ram_io:inst8|altram:sram|q[3] ; RAM  ; Off   ;
; EC8_C  ; lpm_ram_io:inst8|altram:sram|q[2] ; RAM  ; Off   ;
; EC5_C  ; lpm_ram_io:inst8|altram:sram|q[1] ; RAM  ; Off   ;
; EC1_C  ; lpm_ram_io:inst8|altram:sram|q[0] ; RAM  ; Off   ;
+--------+-----------------------------------+------+-------+


+-------------------------------------------------------------------------------------------+
; Non-Global High Fan-Out Signals                                                           ;
+---------------------------------------------------------------------------------+---------+
; Name                                                                            ; Fan-Out ;
+---------------------------------------------------------------------------------+---------+
; sm:inst13|sm~2                                                                  ; 38      ;
; controller:inst12|s0~11                                                         ; 32      ;
; ir:inst2|x[6]~26                                                                ; 28      ;
; ir:inst2|x[4]~24                                                                ; 20      ;
; ins_decode:inst16|Decoder0~10                                                   ; 18      ;
; controller:inst12|in_pc~2                                                       ; 16      ;
; ir:inst2|x[2]~30                                                                ; 16      ;
; ir:inst2|x[3]~31                                                                ; 16      ;
; ir:inst2|x[0]~28                                                                ; 12      ;
; ir:inst2|x[1]~29                                                                ; 12      ;
; ir:inst2|x[5]~25                                                                ; 12      ;
; ir:inst2|x[7]~27                                                                ; 12      ;
; controller:inst12|au_en~12                                                      ; 10      ;
; au:inst1|t[7]~18                                                                ; 9       ;
; ins_decode:inst16|Decoder0~11                                                   ; 9       ;
; au:inst1|Mux8~1                                                                 ; 9       ;
; inst6[7]~82                                                                     ; 9       ;
; ins_decode:inst16|Decoder0~8                                                    ; 9       ;
; controller:inst12|ld_pc~15                                                      ; 8       ;
; mux3_1:inst9|Mux2~3                                                             ; 8       ;
; mux3_1:inst9|Mux1~3                                                             ; 8       ;
; mux3_1:inst9|Mux0~3                                                             ; 8       ;
; reg_group:inst3|R1[7]~42                                                        ; 8       ;
; ins_decode:inst16|movb~2                                                        ; 8       ;
; ir:inst2|x[4]~32                                                                ; 8       ;
; reg_group:inst3|R2[7]~42                                                        ; 8       ;
; reg_group:inst3|R0[7]~42                                                        ; 8       ;
; reg_group:inst3|R3[7]~42                                                        ; 8       ;
; mux3_1:inst9|Mux7~3                                                             ; 8       ;
; inst6[7]~83                                                                     ; 8       ;
; mux3_1:inst9|Mux6~3                                                             ; 8       ;
; mux3_1:inst9|Mux5~3                                                             ; 8       ;
; mux3_1:inst9|Mux3~3                                                             ; 8       ;
; mux3_1:inst9|Mux4~3                                                             ; 8       ;
; reg_group:inst3|Mux3~3                                                          ; 7       ;
; pc:inst|lpm_counter:c_rtl_0|alt_counter_f10ke:wysi_counter|counter_cell[0]~COUT ; 7       ;
; pc:inst|lpm_counter:c_rtl_0|alt_counter_f10ke:wysi_counter|counter_cell[5]~COUT ; 7       ;
; reg_group:inst3|Mux2~3                                                          ; 7       ;
; reg_group:inst3|Mux1~3                                                          ; 7       ;
; pc:inst|lpm_counter:c_rtl_0|alt_counter_f10ke:wysi_counter|counter_cell[6]~COUT ; 7       ;
; pc:inst|lpm_counter:c_rtl_0|alt_counter_f10ke:wysi_counter|counter_cell[1]~COUT ; 7       ;
; reg_group:inst3|Mux0~3                                                          ; 7       ;
; pc:inst|lpm_counter:c_rtl_0|alt_counter_f10ke:wysi_counter|counter_cell[2]~COUT ; 7       ;
; pc:inst|lpm_counter:c_rtl_0|alt_counter_f10ke:wysi_counter|counter_cell[3]~COUT ; 7       ;
; pc:inst|lpm_counter:c_rtl_0|alt_counter_f10ke:wysi_counter|counter_cell[4]~COUT ; 7       ;
; reg_group:inst3|Mux5~3                                                          ; 7       ;
; reg_group:inst3|Mux4~3                                                          ; 7       ;
; inst6[5]~89                                                                     ; 6       ;
; inst6[1]~121                                                                    ; 6       ;
; inst6[7]~91                                                                     ; 6       ;
+---------------------------------------------------------------------------------+---------+


+-----------------------------------------------------------------------------------------------------+
; Peripheral Signals                                                                                  ;
+-------------------+--------+---------------+-----------------+---------------------------+----------+
; Peripheral Signal ; Source ; Usage         ; Dedicated Clock ; Peripheral Control Signal ; Polarity ;
+-------------------+--------+---------------+-----------------+---------------------------+----------+
; inst6[7]~2        ; LC1_C4 ; Output enable ; no              ; yes                       ; +ve      ;
+-------------------+--------+---------------+-----------------+---------------------------+----------+


+-------------------------------------------+
; LAB                                       ;
+--------------------------+----------------+
; Number of Logic Elements ; Number of LABs ;
+--------------------------+----------------+
; 0                        ; 119            ;
; 1                        ; 0              ;
; 2                        ; 0              ;
; 3                        ; 0              ;
; 4                        ; 0              ;
; 5                        ; 1              ;
; 6                        ; 2              ;
; 7                        ; 4              ;
; 8                        ; 18             ;
+--------------------------+----------------+


+----------------------------------------------+
; Local Routing Interconnect                   ;
+-----------------------------+----------------+
; Local Routing Interconnects ; Number of LABs ;
+-----------------------------+----------------+
; 0                           ; 123            ;
; 1                           ; 0              ;
; 2                           ; 1              ;
; 3                           ; 7              ;
; 4                           ; 2              ;
; 5                           ; 2              ;
; 6                           ; 8              ;
; 7                           ; 1              ;
+-----------------------------+----------------+


+---------------------------------------------+
; LAB External Interconnect                   ;
+----------------------------+----------------+
; LAB External Interconnects ; Number of LABs ;
+----------------------------+----------------+
; 0                          ; 119            ;
; 1                          ; 0              ;
; 2                          ; 0              ;
; 3                          ; 0              ;
; 4                          ; 0              ;
; 5                          ; 0              ;
; 6                          ; 0              ;
; 7                          ; 1              ;
; 8                          ; 1              ;
; 9                          ; 2              ;
; 10                         ; 1              ;
; 11                         ; 6              ;
; 12                         ; 3              ;
; 13                         ; 0              ;
; 14                         ; 4              ;
; 15                         ; 2              ;
; 16                         ; 3              ;
; 17                         ; 2              ;
+----------------------------+----------------+


+-----------------------------------------------------------------------------------------+
; Row Interconnect                                                                        ;
+-------+--------------------+-----------------------------+------------------------------+
; Row   ; Interconnect Used  ; Left Half Interconnect Used ; Right Half Interconnect Used ;
+-------+--------------------+-----------------------------+------------------------------+
;  A    ;  0 / 96 ( 0 % )    ;  0 / 48 ( 0 % )             ;  0 / 48 ( 0 % )              ;
;  B    ;  0 / 96 ( 0 % )    ;  0 / 48 ( 0 % )             ;  0 / 48 ( 0 % )              ;
;  C    ;  73 / 96 ( 76 % )  ;  37 / 48 ( 77 % )           ;  31 / 48 ( 65 % )            ;
;  D    ;  0 / 96 ( 0 % )    ;  0 / 48 ( 0 % )             ;  0 / 48 ( 0 % )              ;
;  E    ;  0 / 96 ( 0 % )    ;  0 / 48 ( 0 % )             ;  0 / 48 ( 0 % )              ;
;  F    ;  11 / 96 ( 11 % )  ;  1 / 48 ( 2 % )             ;  11 / 48 ( 23 % )            ;
; Total ;  84 / 576 ( 15 % ) ;  38 / 288 ( 13 % )          ;  42 / 288 ( 15 % )           ;
+-------+--------------------+-----------------------------+------------------------------+


+---------------------------+
; LAB Column Interconnect   ;
+-------+-------------------+
; Col.  ; Interconnect Used ;
+-------+-------------------+
; 1     ;  3 / 24 ( 13 % )  ;
; 2     ;  0 / 24 ( 0 % )   ;
; 3     ;  1 / 24 ( 4 % )   ;
; 4     ;  2 / 24 ( 8 % )   ;
; 5     ;  2 / 24 ( 8 % )   ;
; 6     ;  1 / 24 ( 4 % )   ;
; 7     ;  1 / 24 ( 4 % )   ;
; 8     ;  0 / 24 ( 0 % )   ;
; 9     ;  1 / 24 ( 4 % )   ;
; 10    ;  1 / 24 ( 4 % )   ;
; 11    ;  1 / 24 ( 4 % )   ;
; 12    ;  2 / 24 ( 8 % )   ;
; 13    ;  0 / 24 ( 0 % )   ;
; 14    ;  1 / 24 ( 4 % )   ;
; 15    ;  1 / 24 ( 4 % )   ;
; 16    ;  1 / 24 ( 4 % )   ;
; 17    ;  3 / 24 ( 13 % )  ;
; 18    ;  2 / 24 ( 8 % )   ;
; 19    ;  1 / 24 ( 4 % )   ;
; 20    ;  1 / 24 ( 4 % )   ;
; 21    ;  2 / 24 ( 8 % )   ;
; 22    ;  2 / 24 ( 8 % )   ;
; 23    ;  1 / 24 ( 4 % )   ;
; 24    ;  3 / 24 ( 13 % )  ;
; Total ;  33 / 576 ( 6 % ) ;
+-------+-------------------+


+---------------------------+
; LAB Column Interconnect   ;
+-------+-------------------+
; Col.  ; Interconnect Used ;
+-------+-------------------+
; 1     ;  0 / 24 ( 0 % )   ;
; Total ;  0 / 24 ( 0 % )   ;
+-------+-------------------+


+-------------------------------------------------------------+
; Fitter Resource Usage Summary                               ;
+-----------------------------------+-------------------------+
; Resource                          ; Usage                   ;
+-----------------------------------+-------------------------+
; Total logic elements              ; 189 / 1,152 ( 16 % )    ;
; Registers                         ; 50 / 1,152 ( 4 % )      ;
; Logic elements in carry chains    ; 24                      ;
; User inserted logic elements      ; 0                       ;
; I/O pins                          ; 25 / 102 ( 25 % )       ;
;     -- Clock pins                 ; 2 / 2 ( 100 % )         ;
;     -- Dedicated input pins       ; 7 / 4 ( 175 % )         ;
; Global signals                    ; 1                       ;
; EABs                              ; 1 / 6 ( 17 % )          ;
; Total memory bits                 ; 2,048 / 12,288 ( 17 % ) ;
; Total RAM block bits              ; 2,048 / 12,288 ( 17 % ) ;
; Maximum fan-out node              ; clk                     ;
; Maximum fan-out                   ; 58                      ;
; Highest non-global fan-out signal ; sm:inst13|sm            ;
; Highest non-global fan-out        ; 38                      ;
; Total fan-out                     ; 868                     ;
; Average fan-out                   ; 3.91                    ;
+-----------------------------------+-------------------------+


+-------------------------------------------------------------------------------------------------------------------------------------------------------------------------------------------------------------------------------------------------------------------------------------+
; Fitter Resource Utilization by Entity                                                                                                                                                                                                                                               ;
+-------------------------------------------+-------------+--------------+-------------+------+--------------+-------------------+------------------+-----------------+------------+-----------------------------------------------------------------------------------+--------------+
; Compilation Hierarchy Node                ; Logic Cells ; LC Registers ; Memory Bits ; Pins ; LUT-Only LCs ; Register-Only LCs ; LUT/Register LCs ; Carry Chain LCs ; Packed LCs ; Full Hierarchy Name                                                               ; Library Name ;
+-------------------------------------------+-------------+--------------+-------------+------+--------------+-------------------+------------------+-----------------+------------+-----------------------------------------------------------------------------------+--------------+
; |ModelMachine_Top                         ; 189 (34)    ; 50           ; 2048        ; 25   ; 139 (34)     ; 8 (0)             ; 42 (0)           ; 24 (0)          ; 0 (0)      ; |ModelMachine_Top                                                                 ; work         ;
;    |au:inst1|                             ; 35 (19)     ; 0            ; 0           ; 0    ; 35 (19)      ; 0 (0)             ; 0 (0)            ; 16 (0)          ; 0 (0)      ; |ModelMachine_Top|au:inst1                                                        ; work         ;
;       |lpm_add_sub:Add0|                  ; 8 (0)       ; 0            ; 0           ; 0    ; 8 (0)        ; 0 (0)             ; 0 (0)            ; 8 (0)           ; 0 (0)      ; |ModelMachine_Top|au:inst1|lpm_add_sub:Add0                                       ; work         ;
;          |addcore:adder|                  ; 8 (1)       ; 0            ; 0           ; 0    ; 8 (1)        ; 0 (0)             ; 0 (0)            ; 8 (1)           ; 0 (0)      ; |ModelMachine_Top|au:inst1|lpm_add_sub:Add0|addcore:adder                         ; work         ;
;             |a_csnbuffer:result_node|     ; 7 (7)       ; 0            ; 0           ; 0    ; 7 (7)        ; 0 (0)             ; 0 (0)            ; 7 (7)           ; 0 (0)      ; |ModelMachine_Top|au:inst1|lpm_add_sub:Add0|addcore:adder|a_csnbuffer:result_node ; work         ;
;       |lpm_add_sub:Add1|                  ; 8 (0)       ; 0            ; 0           ; 0    ; 8 (0)        ; 0 (0)             ; 0 (0)            ; 8 (0)           ; 0 (0)      ; |ModelMachine_Top|au:inst1|lpm_add_sub:Add1                                       ; work         ;
;          |addcore:adder|                  ; 8 (1)       ; 0            ; 0           ; 0    ; 8 (1)        ; 0 (0)             ; 0 (0)            ; 8 (1)           ; 0 (0)      ; |ModelMachine_Top|au:inst1|lpm_add_sub:Add1|addcore:adder                         ; work         ;
;             |a_csnbuffer:result_node|     ; 7 (7)       ; 0            ; 0           ; 0    ; 7 (7)        ; 0 (0)             ; 0 (0)            ; 7 (7)           ; 0 (0)      ; |ModelMachine_Top|au:inst1|lpm_add_sub:Add1|addcore:adder|a_csnbuffer:result_node ; work         ;
;    |controller:inst12|                    ; 8 (8)       ; 0            ; 0           ; 0    ; 8 (8)        ; 0 (0)             ; 0 (0)            ; 0 (0)           ; 0 (0)      ; |ModelMachine_Top|controller:inst12                                               ; work         ;
;    |ins_decode:inst16|                    ; 9 (9)       ; 0            ; 0           ; 0    ; 9 (9)        ; 0 (0)             ; 0 (0)            ; 0 (0)           ; 0 (0)      ; |ModelMachine_Top|ins_decode:inst16                                               ; work         ;
;    |ir:inst2|                             ; 9 (9)       ; 8            ; 0           ; 0    ; 1 (1)        ; 8 (8)             ; 0 (0)            ; 0 (0)           ; 0 (0)      ; |ModelMachine_Top|ir:inst2                                                        ; work         ;
;    |lpm_ram_io:inst8|                     ; 0 (0)       ; 0            ; 2048        ; 0    ; 0 (0)        ; 0 (0)             ; 0 (0)            ; 0 (0)           ; 0 (0)      ; |ModelMachine_Top|lpm_ram_io:inst8                                                ; work         ;
;       |altram:sram|                       ; 0 (0)       ; 0            ; 2048        ; 0    ; 0 (0)        ; 0 (0)             ; 0 (0)            ; 0 (0)           ; 0 (0)      ; |ModelMachine_Top|lpm_ram_io:inst8|altram:sram                                    ; work         ;
;    |mux3_1:inst9|                         ; 16 (16)     ; 0            ; 0           ; 0    ; 16 (16)      ; 0 (0)             ; 0 (0)            ; 0 (0)           ; 0 (0)      ; |ModelMachine_Top|mux3_1:inst9                                                    ; work         ;
;    |pc:inst|                              ; 8 (0)       ; 8            ; 0           ; 0    ; 0 (0)        ; 0 (0)             ; 8 (0)            ; 8 (0)           ; 0 (0)      ; |ModelMachine_Top|pc:inst                                                         ; work         ;
;       |lpm_counter:c_rtl_0|               ; 8 (0)       ; 8            ; 0           ; 0    ; 0 (0)        ; 0 (0)             ; 8 (0)            ; 8 (0)           ; 0 (0)      ; |ModelMachine_Top|pc:inst|lpm_counter:c_rtl_0                                     ; work         ;
;          |alt_counter_f10ke:wysi_counter| ; 8 (8)       ; 8            ; 0           ; 0    ; 0 (0)        ; 0 (0)             ; 8 (8)            ; 8 (8)           ; 0 (0)      ; |ModelMachine_Top|pc:inst|lpm_counter:c_rtl_0|alt_counter_f10ke:wysi_counter      ; work         ;
;    |psw:inst11|                           ; 1 (1)       ; 1            ; 0           ; 0    ; 0 (0)        ; 0 (0)             ; 1 (1)            ; 0 (0)           ; 0 (0)      ; |ModelMachine_Top|psw:inst11                                                      ; work         ;
;    |reg_group:inst3|                      ; 68 (68)     ; 32           ; 0           ; 0    ; 36 (36)      ; 0 (0)             ; 32 (32)          ; 0 (0)           ; 0 (0)      ; |ModelMachine_Top|reg_group:inst3                                                 ; work         ;
;    |sm:inst13|                            ; 1 (1)       ; 1            ; 0           ; 0    ; 0 (0)        ; 0 (0)             ; 1 (1)            ; 0 (0)           ; 0 (0)      ; |ModelMachine_Top|sm:inst13                                                       ; work         ;
+-------------------------------------------+-------------+--------------+-------------+------+--------------+-------------------+------------------+-----------------+------------+-----------------------------------------------------------------------------------+--------------+
Note: For table entries with two numbers listed, the numbers in parentheses indicate the number of resources of the given type used by the specific entity alone. The numbers listed outside of parentheses indicate the total resources of the given type used by the specific entity and all of its sub-entities in the hierarchy.


+---------------------------------+
; Delay Chain Summary             ;
+--------+----------+-------------+
; Name   ; Pin Type ; Pad to Core ;
+--------+----------+-------------+
; clk    ; Input    ; OFF         ;
; SW[7]  ; Input    ; OFF         ;
; SW[6]  ; Input    ; OFF         ;
; SW[5]  ; Input    ; OFF         ;
; SW[4]  ; Input    ; OFF         ;
; SW[3]  ; Input    ; OFF         ;
; SW[2]  ; Input    ; OFF         ;
; SW[1]  ; Input    ; OFF         ;
; SW[0]  ; Input    ; OFF         ;
; LED[7] ; Output   ; OFF         ;
; LED[6] ; Output   ; OFF         ;
; LED[5] ; Output   ; OFF         ;
; LED[4] ; Output   ; OFF         ;
; LED[3] ; Output   ; OFF         ;
; LED[2] ; Output   ; OFF         ;
; LED[1] ; Output   ; OFF         ;
; LED[0] ; Output   ; OFF         ;
; tmp[7] ; Output   ; OFF         ;
; tmp[6] ; Output   ; OFF         ;
; tmp[5] ; Output   ; OFF         ;
; tmp[4] ; Output   ; OFF         ;
; tmp[3] ; Output   ; OFF         ;
; tmp[2] ; Output   ; OFF         ;
; tmp[1] ; Output   ; OFF         ;
; tmp[0] ; Output   ; OFF         ;
+--------+----------+-------------+


+----------------------------------------------------------------------------------------------------------------------------------------------------------------------------------------------------------------------------------------------------------------------+
; Fitter RAM Summary                                                                                                                                                                                                                                                   ;
+--------------------------------------+-------------+--------------+--------------+--------------+--------------+------------------------+-------------------------+------------------------+-------------------------+------+------+----------------------+----------+
; Name                                 ; Mode        ; Port A Depth ; Port A Width ; Port B Depth ; Port B Width ; Port A Input Registers ; Port A Output Registers ; Port B Input Registers ; Port B Output Registers ; Size ; EABs ; MIF                  ; Location ;
+--------------------------------------+-------------+--------------+--------------+--------------+--------------+------------------------+-------------------------+------------------------+-------------------------+------+------+----------------------+----------+
; lpm_ram_io:inst8|altram:sram|content ; Single Port ; 256          ; 8            ; --           ; --           ; yes                    ; no                      ; --                     ; --                      ; 2048 ; 1    ; ModelMachine_Top.mif ; ESB_C    ;
+--------------------------------------+-------------+--------------+--------------+--------------+--------------+------------------------+-------------------------+------------------------+-------------------------+------+------+----------------------+----------+
Note: Fitter may spread logical memories into multiple blocks to improve timing. The actual required RAM blocks can be found in the Fitter Resource Usage section.


+--------------+
; Pin-Out File ;
+--------------+
The pin-out file can be found in D:/Core Course/Digital circuits and logical programming/Experiment/model machine/monocyclic/ModelMachine_Top.pin.


+-----------------+
; Fitter Messages ;
+-----------------+
Info: *******************************************************************
Info: Running Quartus II Fitter
    Info: Version 9.0 Build 184 04/29/2009 Service Pack 1 SJ Web Edition
    Info: Processing started: Tue Jan 06 17:45:22 2026
Info: Command: quartus_fit --read_settings_files=off --write_settings_files=off ModelMachine_Top -c ModelMachine_Top
Info: Selected device EPF10K20TC144-4 for design "ModelMachine_Top"
Warning: Feature SignalProbe is not available with your current license
Info: Fitter is using the Classic Timing Analyzer
Info: Timing requirements not specified -- optimizing circuit to achieve the following default global requirements
    Info: Assuming a global fmax requirement of 1000 MHz
    Info: Not setting a global tsu requirement
    Info: Not setting a global tco requirement
    Info: Not setting a global tpd requirement
Info: Inserted 0 logic cells in first fitting attempt
Info: Started fitting attempt 1 on Tue Jan 06 2026 at 17:45:23
Info: Fitter placement preparation operations beginning
Info: Fitter placement preparation operations ending: elapsed time is 00:00:00
Info: Fitter placement operations beginning
Info: Fitter placement operations ending: elapsed time is 00:00:01
Info: Fitter routing operations beginning
Info: Fitter routing operations ending: elapsed time is 00:00:00
Info: Quartus II Fitter was successful. 0 errors, 1 warning
    Info: Peak virtual memory: 228 megabytes
    Info: Processing ended: Tue Jan 06 17:45:25 2026
    Info: Elapsed time: 00:00:03
    Info: Total CPU time (on all processors): 00:00:02


