Classic Timing Analyzer report for half_adder
Mon Nov 10 22:49:34 2025
Quartus II Version 9.0 Build 184 04/29/2009 Service Pack 1 SJ Web Edition


---------------------
; Table of Contents ;
---------------------
  1. Legal Notice
  2. Timing Analyzer Summary
  3. Timing Analyzer Settings
  4. Parallel Compilation
  5. tpd
  6. Timing Analyzer Messages



----------------
; Legal Notice ;
----------------
Copyright (C) 1991-2009 Altera Corporation
Your use of Altera Corporation's design tools, logic functions 
and other software and tools, and its AMPP partner logic 
functions, and any output files from any of the foregoing 
(including device programming or simulation files), and any 
associated documentation or information are expressly subject 
to the terms and conditions of the Altera Program License 
Subscription Agreement, Altera MegaCore Function License 
Agreement, or other applicable license agreement, including, 
without limitation, that your use is for the sole purpose of 
programming logic devices manufactured by Altera and sold by 
Altera or its authorized distributors.  Please refer to the 
applicable agreement for further details.



+-----------------------------------------------------------------------------------------------------------------------+
; Timing Analyzer Summary                                                                                               ;
+------------------------------+-------+---------------+-------------+------+----+------------+----------+--------------+
; Type                         ; Slack ; Required Time ; Actual Time ; From ; To ; From Clock ; To Clock ; Failed Paths ;
+------------------------------+-------+---------------+-------------+------+----+------------+----------+--------------+
; Worst-case tpd               ; N/A   ; None          ; 5.000 ns    ; Y    ; S  ; --         ; --       ; 0            ;
; Total number of failed paths ;       ;               ;             ;      ;    ;            ;          ; 0            ;
+------------------------------+-------+---------------+-------------+------+----+------------+----------+--------------+


+--------------------------------------------------------------------------------------------------------------------+
; Timing Analyzer Settings                                                                                           ;
+---------------------------------------------------------------------+--------------------+------+----+-------------+
; Option                                                              ; Setting            ; From ; To ; Entity Name ;
+---------------------------------------------------------------------+--------------------+------+----+-------------+
; Device Name                                                         ; EPM7032SLC44-5     ;      ;    ;             ;
; Timing Models                                                       ; Final              ;      ;    ;             ;
; Default hold multicycle                                             ; Same as Multicycle ;      ;    ;             ;
; Cut paths between unrelated clock domains                           ; On                 ;      ;    ;             ;
; Cut off read during write signal paths                              ; On                 ;      ;    ;             ;
; Cut off feedback from I/O pins                                      ; On                 ;      ;    ;             ;
; Report Combined Fast/Slow Timing                                    ; Off                ;      ;    ;             ;
; Ignore Clock Settings                                               ; Off                ;      ;    ;             ;
; Analyze latches as synchronous elements                             ; On                 ;      ;    ;             ;
; Enable Recovery/Removal analysis                                    ; Off                ;      ;    ;             ;
; Enable Clock Latency                                                ; Off                ;      ;    ;             ;
; Use TimeQuest Timing Analyzer                                       ; Off                ;      ;    ;             ;
; Minimum Core Junction Temperature                                   ; 0                  ;      ;    ;             ;
; Maximum Core Junction Temperature                                   ; 85                 ;      ;    ;             ;
; Number of source nodes to report per destination node               ; 10                 ;      ;    ;             ;
; Number of destination nodes to report                               ; 10                 ;      ;    ;             ;
; Number of paths to report                                           ; 200                ;      ;    ;             ;
; Report Minimum Timing Checks                                        ; Off                ;      ;    ;             ;
; Use Fast Timing Models                                              ; Off                ;      ;    ;             ;
; Report IO Paths Separately                                          ; Off                ;      ;    ;             ;
; Perform Multicorner Analysis                                        ; Off                ;      ;    ;             ;
; Reports the worst-case path for each clock domain and analysis      ; Off                ;      ;    ;             ;
; Removes common clock path pessimism (CCPP) during slack computation ; Off                ;      ;    ;             ;
; Output I/O Timing Endpoint                                          ; Near End           ;      ;    ;             ;
+---------------------------------------------------------------------+--------------------+------+----+-------------+


Parallel compilation was disabled, but you have multiple processors available. Enable parallel compilation to reduce compilation time.
+-------------------------------------+
; Parallel Compilation                ;
+----------------------------+--------+
; Processors                 ; Number ;
+----------------------------+--------+
; Number detected on machine ; 16     ;
; Maximum allowed            ; 1      ;
+----------------------------+--------+


+---------------------------------------------------------+
; tpd                                                     ;
+-------+-------------------+-----------------+------+----+
; Slack ; Required P2P Time ; Actual P2P Time ; From ; To ;
+-------+-------------------+-----------------+------+----+
; N/A   ; None              ; 5.000 ns        ; X    ; C  ;
; N/A   ; None              ; 5.000 ns        ; Y    ; C  ;
; N/A   ; None              ; 5.000 ns        ; X    ; S  ;
; N/A   ; None              ; 5.000 ns        ; Y    ; S  ;
+-------+-------------------+-----------------+------+----+


+--------------------------+
; Timing Analyzer Messages ;
+--------------------------+
Info: *******************************************************************
Info: Running Quartus II Classic Timing Analyzer
    Info: Version 9.0 Build 184 04/29/2009 Service Pack 1 SJ Web Edition
    Info: Processing started: Mon Nov 10 22:49:34 2025
Info: Command: quartus_tan --read_settings_files=off --write_settings_files=off half_adder -c half_adder
Info: Started post-fitting delay annotation
Info: Delay annotation completed successfully
Warning: Timing Analysis does not support the analysis of latches as synchronous elements for the currently selected device family
Info: Longest tpd from source pin "X" to destination pin "C" is 5.000 ns
    Info: 1: + IC(0.000 ns) + CELL(0.200 ns) = 0.200 ns; Loc. = PIN_24; Fanout = 2; PIN Node = 'X'
    Info: 2: + IC(1.000 ns) + CELL(3.600 ns) = 4.800 ns; Loc. = LC2; Fanout = 1; COMB Node = 'inst~1'
    Info: 3: + IC(0.000 ns) + CELL(0.200 ns) = 5.000 ns; Loc. = PIN_5; Fanout = 0; PIN Node = 'C'
    Info: Total cell delay = 4.000 ns ( 80.00 % )
    Info: Total interconnect delay = 1.000 ns ( 20.00 % )
Info: Quartus II Classic Timing Analyzer was successful. 0 errors, 1 warning
    Info: Peak virtual memory: 177 megabytes
    Info: Processing ended: Mon Nov 10 22:49:34 2025
    Info: Elapsed time: 00:00:00
    Info: Total CPU time (on all processors): 00:00:00


