Classic Timing Analyzer report for pc
Fri Dec 12 16:33:59 2025
Quartus II Version 9.0 Build 184 04/29/2009 Service Pack 1 SJ Web Edition


---------------------
; Table of Contents ;
---------------------
  1. Legal Notice
  2. Timing Analyzer Summary
  3. Timing Analyzer Settings
  4. Clock Settings Summary
  5. Parallel Compilation
  6. Clock Setup: 'clk'
  7. tsu
  8. tco
  9. th
 10. Timing Analyzer Messages



----------------
; Legal Notice ;
----------------
Copyright (C) 1991-2009 Altera Corporation
Your use of Altera Corporation's design tools, logic functions 
and other software and tools, and its AMPP partner logic 
functions, and any output files from any of the foregoing 
(including device programming or simulation files), and any 
associated documentation or information are expressly subject 
to the terms and conditions of the Altera Program License 
Subscription Agreement, Altera MegaCore Function License 
Agreement, or other applicable license agreement, including, 
without limitation, that your use is for the sole purpose of 
programming logic devices manufactured by Altera and sold by 
Altera or its authorized distributors.  Please refer to the 
applicable agreement for further details.



+----------------------------------------------------------------------------------------------------------------------------------------------------------------------------------------------------------------------------------------------------------------------------------------+
; Timing Analyzer Summary                                                                                                                                                                                                                                                                ;
+------------------------------+-------+---------------+------------------------------------------------+--------------------------------------------------------------------+--------------------------------------------------------------------+------------+----------+--------------+
; Type                         ; Slack ; Required Time ; Actual Time                                    ; From                                                               ; To                                                                 ; From Clock ; To Clock ; Failed Paths ;
+------------------------------+-------+---------------+------------------------------------------------+--------------------------------------------------------------------+--------------------------------------------------------------------+------------+----------+--------------+
; Worst-case tsu               ; N/A   ; None          ; 6.700 ns                                       ; ld_pc                                                              ; lpm_counter:c_rtl_0|alt_counter_f10ke:wysi_counter|counter_cell[7] ; --         ; clk      ; 0            ;
; Worst-case tco               ; N/A   ; None          ; 14.000 ns                                      ; lpm_counter:c_rtl_0|alt_counter_f10ke:wysi_counter|counter_cell[1] ; c[1]                                                               ; clk        ; --       ; 0            ;
; Worst-case th                ; N/A   ; None          ; 0.800 ns                                       ; in_pc                                                              ; lpm_counter:c_rtl_0|alt_counter_f10ke:wysi_counter|counter_cell[7] ; --         ; clk      ; 0            ;
; Clock Setup: 'clk'           ; N/A   ; None          ; Restricted to 125.00 MHz ( period = 8.000 ns ) ; lpm_counter:c_rtl_0|alt_counter_f10ke:wysi_counter|counter_cell[0] ; lpm_counter:c_rtl_0|alt_counter_f10ke:wysi_counter|counter_cell[7] ; clk        ; clk      ; 0            ;
; Total number of failed paths ;       ;               ;                                                ;                                                                    ;                                                                    ;            ;          ; 0            ;
+------------------------------+-------+---------------+------------------------------------------------+--------------------------------------------------------------------+--------------------------------------------------------------------+------------+----------+--------------+


+--------------------------------------------------------------------------------------------------------------------+
; Timing Analyzer Settings                                                                                           ;
+---------------------------------------------------------------------+--------------------+------+----+-------------+
; Option                                                              ; Setting            ; From ; To ; Entity Name ;
+---------------------------------------------------------------------+--------------------+------+----+-------------+
; Device Name                                                         ; EPF10K20TC144-4    ;      ;    ;             ;
; Timing Models                                                       ; Final              ;      ;    ;             ;
; Default hold multicycle                                             ; Same as Multicycle ;      ;    ;             ;
; Cut paths between unrelated clock domains                           ; On                 ;      ;    ;             ;
; Cut off read during write signal paths                              ; On                 ;      ;    ;             ;
; Cut off feedback from I/O pins                                      ; On                 ;      ;    ;             ;
; Report Combined Fast/Slow Timing                                    ; Off                ;      ;    ;             ;
; Ignore Clock Settings                                               ; Off                ;      ;    ;             ;
; Analyze latches as synchronous elements                             ; On                 ;      ;    ;             ;
; Enable Recovery/Removal analysis                                    ; Off                ;      ;    ;             ;
; Enable Clock Latency                                                ; Off                ;      ;    ;             ;
; Use TimeQuest Timing Analyzer                                       ; Off                ;      ;    ;             ;
; Minimum Core Junction Temperature                                   ; 0                  ;      ;    ;             ;
; Maximum Core Junction Temperature                                   ; 85                 ;      ;    ;             ;
; Number of source nodes to report per destination node               ; 10                 ;      ;    ;             ;
; Number of destination nodes to report                               ; 10                 ;      ;    ;             ;
; Number of paths to report                                           ; 200                ;      ;    ;             ;
; Report Minimum Timing Checks                                        ; Off                ;      ;    ;             ;
; Use Fast Timing Models                                              ; Off                ;      ;    ;             ;
; Report IO Paths Separately                                          ; Off                ;      ;    ;             ;
; Perform Multicorner Analysis                                        ; Off                ;      ;    ;             ;
; Reports the worst-case path for each clock domain and analysis      ; Off                ;      ;    ;             ;
; Removes common clock path pessimism (CCPP) during slack computation ; Off                ;      ;    ;             ;
; Output I/O Timing Endpoint                                          ; Near End           ;      ;    ;             ;
+---------------------------------------------------------------------+--------------------+------+----+-------------+


+------------------------------------------------------------------------------------------------------------------------------------------------------------------------------------+
; Clock Settings Summary                                                                                                                                                             ;
+-----------------+--------------------+----------+------------------+---------------+--------------+----------+-----------------------+---------------------+--------+--------------+
; Clock Node Name ; Clock Setting Name ; Type     ; Fmax Requirement ; Early Latency ; Late Latency ; Based on ; Multiply Base Fmax by ; Divide Base Fmax by ; Offset ; Phase offset ;
+-----------------+--------------------+----------+------------------+---------------+--------------+----------+-----------------------+---------------------+--------+--------------+
; clk             ;                    ; User Pin ; None             ; 0.000 ns      ; 0.000 ns     ; --       ; N/A                   ; N/A                 ; N/A    ;              ;
+-----------------+--------------------+----------+------------------+---------------+--------------+----------+-----------------------+---------------------+--------+--------------+


Parallel compilation was disabled, but you have multiple processors available. Enable parallel compilation to reduce compilation time.
+-------------------------------------+
; Parallel Compilation                ;
+----------------------------+--------+
; Processors                 ; Number ;
+----------------------------+--------+
; Number detected on machine ; 16     ;
; Maximum allowed            ; 1      ;
+----------------------------+--------+


+--------------------------------------------------------------------------------------------------------------------------------------------------------------------------------------------------------------------------------------------------------------------------------------------------------------+
; Clock Setup: 'clk'                                                                                                                                                                                                                                                                                           ;
+-------+------------------------------------------------+--------------------------------------------------------------------+--------------------------------------------------------------------+------------+----------+-----------------------------+---------------------------+-------------------------+
; Slack ; Actual fmax (period)                           ; From                                                               ; To                                                                 ; From Clock ; To Clock ; Required Setup Relationship ; Required Longest P2P Time ; Actual Longest P2P Time ;
+-------+------------------------------------------------+--------------------------------------------------------------------+--------------------------------------------------------------------+------------+----------+-----------------------------+---------------------------+-------------------------+
; N/A   ; Restricted to 125.00 MHz ( period = 8.000 ns ) ; lpm_counter:c_rtl_0|alt_counter_f10ke:wysi_counter|counter_cell[0] ; lpm_counter:c_rtl_0|alt_counter_f10ke:wysi_counter|counter_cell[7] ; clk        ; clk      ; None                        ; None                      ; 3.700 ns                ;
; N/A   ; Restricted to 125.00 MHz ( period = 8.000 ns ) ; lpm_counter:c_rtl_0|alt_counter_f10ke:wysi_counter|counter_cell[0] ; lpm_counter:c_rtl_0|alt_counter_f10ke:wysi_counter|counter_cell[6] ; clk        ; clk      ; None                        ; None                      ; 3.400 ns                ;
; N/A   ; Restricted to 125.00 MHz ( period = 8.000 ns ) ; lpm_counter:c_rtl_0|alt_counter_f10ke:wysi_counter|counter_cell[1] ; lpm_counter:c_rtl_0|alt_counter_f10ke:wysi_counter|counter_cell[7] ; clk        ; clk      ; None                        ; None                      ; 3.400 ns                ;
; N/A   ; Restricted to 125.00 MHz ( period = 8.000 ns ) ; lpm_counter:c_rtl_0|alt_counter_f10ke:wysi_counter|counter_cell[0] ; lpm_counter:c_rtl_0|alt_counter_f10ke:wysi_counter|counter_cell[5] ; clk        ; clk      ; None                        ; None                      ; 3.100 ns                ;
; N/A   ; Restricted to 125.00 MHz ( period = 8.000 ns ) ; lpm_counter:c_rtl_0|alt_counter_f10ke:wysi_counter|counter_cell[1] ; lpm_counter:c_rtl_0|alt_counter_f10ke:wysi_counter|counter_cell[6] ; clk        ; clk      ; None                        ; None                      ; 3.100 ns                ;
; N/A   ; Restricted to 125.00 MHz ( period = 8.000 ns ) ; lpm_counter:c_rtl_0|alt_counter_f10ke:wysi_counter|counter_cell[2] ; lpm_counter:c_rtl_0|alt_counter_f10ke:wysi_counter|counter_cell[7] ; clk        ; clk      ; None                        ; None                      ; 3.100 ns                ;
; N/A   ; Restricted to 125.00 MHz ( period = 8.000 ns ) ; lpm_counter:c_rtl_0|alt_counter_f10ke:wysi_counter|counter_cell[0] ; lpm_counter:c_rtl_0|alt_counter_f10ke:wysi_counter|counter_cell[4] ; clk        ; clk      ; None                        ; None                      ; 2.800 ns                ;
; N/A   ; Restricted to 125.00 MHz ( period = 8.000 ns ) ; lpm_counter:c_rtl_0|alt_counter_f10ke:wysi_counter|counter_cell[1] ; lpm_counter:c_rtl_0|alt_counter_f10ke:wysi_counter|counter_cell[5] ; clk        ; clk      ; None                        ; None                      ; 2.800 ns                ;
; N/A   ; Restricted to 125.00 MHz ( period = 8.000 ns ) ; lpm_counter:c_rtl_0|alt_counter_f10ke:wysi_counter|counter_cell[2] ; lpm_counter:c_rtl_0|alt_counter_f10ke:wysi_counter|counter_cell[6] ; clk        ; clk      ; None                        ; None                      ; 2.800 ns                ;
; N/A   ; Restricted to 125.00 MHz ( period = 8.000 ns ) ; lpm_counter:c_rtl_0|alt_counter_f10ke:wysi_counter|counter_cell[3] ; lpm_counter:c_rtl_0|alt_counter_f10ke:wysi_counter|counter_cell[7] ; clk        ; clk      ; None                        ; None                      ; 2.800 ns                ;
; N/A   ; Restricted to 125.00 MHz ( period = 8.000 ns ) ; lpm_counter:c_rtl_0|alt_counter_f10ke:wysi_counter|counter_cell[0] ; lpm_counter:c_rtl_0|alt_counter_f10ke:wysi_counter|counter_cell[3] ; clk        ; clk      ; None                        ; None                      ; 2.500 ns                ;
; N/A   ; Restricted to 125.00 MHz ( period = 8.000 ns ) ; lpm_counter:c_rtl_0|alt_counter_f10ke:wysi_counter|counter_cell[1] ; lpm_counter:c_rtl_0|alt_counter_f10ke:wysi_counter|counter_cell[4] ; clk        ; clk      ; None                        ; None                      ; 2.500 ns                ;
; N/A   ; Restricted to 125.00 MHz ( period = 8.000 ns ) ; lpm_counter:c_rtl_0|alt_counter_f10ke:wysi_counter|counter_cell[2] ; lpm_counter:c_rtl_0|alt_counter_f10ke:wysi_counter|counter_cell[5] ; clk        ; clk      ; None                        ; None                      ; 2.500 ns                ;
; N/A   ; Restricted to 125.00 MHz ( period = 8.000 ns ) ; lpm_counter:c_rtl_0|alt_counter_f10ke:wysi_counter|counter_cell[3] ; lpm_counter:c_rtl_0|alt_counter_f10ke:wysi_counter|counter_cell[6] ; clk        ; clk      ; None                        ; None                      ; 2.500 ns                ;
; N/A   ; Restricted to 125.00 MHz ( period = 8.000 ns ) ; lpm_counter:c_rtl_0|alt_counter_f10ke:wysi_counter|counter_cell[4] ; lpm_counter:c_rtl_0|alt_counter_f10ke:wysi_counter|counter_cell[7] ; clk        ; clk      ; None                        ; None                      ; 2.500 ns                ;
; N/A   ; Restricted to 125.00 MHz ( period = 8.000 ns ) ; lpm_counter:c_rtl_0|alt_counter_f10ke:wysi_counter|counter_cell[0] ; lpm_counter:c_rtl_0|alt_counter_f10ke:wysi_counter|counter_cell[2] ; clk        ; clk      ; None                        ; None                      ; 2.200 ns                ;
; N/A   ; Restricted to 125.00 MHz ( period = 8.000 ns ) ; lpm_counter:c_rtl_0|alt_counter_f10ke:wysi_counter|counter_cell[1] ; lpm_counter:c_rtl_0|alt_counter_f10ke:wysi_counter|counter_cell[3] ; clk        ; clk      ; None                        ; None                      ; 2.200 ns                ;
; N/A   ; Restricted to 125.00 MHz ( period = 8.000 ns ) ; lpm_counter:c_rtl_0|alt_counter_f10ke:wysi_counter|counter_cell[2] ; lpm_counter:c_rtl_0|alt_counter_f10ke:wysi_counter|counter_cell[4] ; clk        ; clk      ; None                        ; None                      ; 2.200 ns                ;
; N/A   ; Restricted to 125.00 MHz ( period = 8.000 ns ) ; lpm_counter:c_rtl_0|alt_counter_f10ke:wysi_counter|counter_cell[3] ; lpm_counter:c_rtl_0|alt_counter_f10ke:wysi_counter|counter_cell[5] ; clk        ; clk      ; None                        ; None                      ; 2.200 ns                ;
; N/A   ; Restricted to 125.00 MHz ( period = 8.000 ns ) ; lpm_counter:c_rtl_0|alt_counter_f10ke:wysi_counter|counter_cell[4] ; lpm_counter:c_rtl_0|alt_counter_f10ke:wysi_counter|counter_cell[6] ; clk        ; clk      ; None                        ; None                      ; 2.200 ns                ;
; N/A   ; Restricted to 125.00 MHz ( period = 8.000 ns ) ; lpm_counter:c_rtl_0|alt_counter_f10ke:wysi_counter|counter_cell[5] ; lpm_counter:c_rtl_0|alt_counter_f10ke:wysi_counter|counter_cell[7] ; clk        ; clk      ; None                        ; None                      ; 2.200 ns                ;
; N/A   ; Restricted to 125.00 MHz ( period = 8.000 ns ) ; lpm_counter:c_rtl_0|alt_counter_f10ke:wysi_counter|counter_cell[0] ; lpm_counter:c_rtl_0|alt_counter_f10ke:wysi_counter|counter_cell[0] ; clk        ; clk      ; None                        ; None                      ; 1.900 ns                ;
; N/A   ; Restricted to 125.00 MHz ( period = 8.000 ns ) ; lpm_counter:c_rtl_0|alt_counter_f10ke:wysi_counter|counter_cell[0] ; lpm_counter:c_rtl_0|alt_counter_f10ke:wysi_counter|counter_cell[1] ; clk        ; clk      ; None                        ; None                      ; 1.900 ns                ;
; N/A   ; Restricted to 125.00 MHz ( period = 8.000 ns ) ; lpm_counter:c_rtl_0|alt_counter_f10ke:wysi_counter|counter_cell[1] ; lpm_counter:c_rtl_0|alt_counter_f10ke:wysi_counter|counter_cell[1] ; clk        ; clk      ; None                        ; None                      ; 1.900 ns                ;
; N/A   ; Restricted to 125.00 MHz ( period = 8.000 ns ) ; lpm_counter:c_rtl_0|alt_counter_f10ke:wysi_counter|counter_cell[1] ; lpm_counter:c_rtl_0|alt_counter_f10ke:wysi_counter|counter_cell[2] ; clk        ; clk      ; None                        ; None                      ; 1.900 ns                ;
; N/A   ; Restricted to 125.00 MHz ( period = 8.000 ns ) ; lpm_counter:c_rtl_0|alt_counter_f10ke:wysi_counter|counter_cell[2] ; lpm_counter:c_rtl_0|alt_counter_f10ke:wysi_counter|counter_cell[2] ; clk        ; clk      ; None                        ; None                      ; 1.900 ns                ;
; N/A   ; Restricted to 125.00 MHz ( period = 8.000 ns ) ; lpm_counter:c_rtl_0|alt_counter_f10ke:wysi_counter|counter_cell[2] ; lpm_counter:c_rtl_0|alt_counter_f10ke:wysi_counter|counter_cell[3] ; clk        ; clk      ; None                        ; None                      ; 1.900 ns                ;
; N/A   ; Restricted to 125.00 MHz ( period = 8.000 ns ) ; lpm_counter:c_rtl_0|alt_counter_f10ke:wysi_counter|counter_cell[3] ; lpm_counter:c_rtl_0|alt_counter_f10ke:wysi_counter|counter_cell[3] ; clk        ; clk      ; None                        ; None                      ; 1.900 ns                ;
; N/A   ; Restricted to 125.00 MHz ( period = 8.000 ns ) ; lpm_counter:c_rtl_0|alt_counter_f10ke:wysi_counter|counter_cell[3] ; lpm_counter:c_rtl_0|alt_counter_f10ke:wysi_counter|counter_cell[4] ; clk        ; clk      ; None                        ; None                      ; 1.900 ns                ;
; N/A   ; Restricted to 125.00 MHz ( period = 8.000 ns ) ; lpm_counter:c_rtl_0|alt_counter_f10ke:wysi_counter|counter_cell[4] ; lpm_counter:c_rtl_0|alt_counter_f10ke:wysi_counter|counter_cell[4] ; clk        ; clk      ; None                        ; None                      ; 1.900 ns                ;
; N/A   ; Restricted to 125.00 MHz ( period = 8.000 ns ) ; lpm_counter:c_rtl_0|alt_counter_f10ke:wysi_counter|counter_cell[4] ; lpm_counter:c_rtl_0|alt_counter_f10ke:wysi_counter|counter_cell[5] ; clk        ; clk      ; None                        ; None                      ; 1.900 ns                ;
; N/A   ; Restricted to 125.00 MHz ( period = 8.000 ns ) ; lpm_counter:c_rtl_0|alt_counter_f10ke:wysi_counter|counter_cell[5] ; lpm_counter:c_rtl_0|alt_counter_f10ke:wysi_counter|counter_cell[5] ; clk        ; clk      ; None                        ; None                      ; 1.900 ns                ;
; N/A   ; Restricted to 125.00 MHz ( period = 8.000 ns ) ; lpm_counter:c_rtl_0|alt_counter_f10ke:wysi_counter|counter_cell[5] ; lpm_counter:c_rtl_0|alt_counter_f10ke:wysi_counter|counter_cell[6] ; clk        ; clk      ; None                        ; None                      ; 1.900 ns                ;
; N/A   ; Restricted to 125.00 MHz ( period = 8.000 ns ) ; lpm_counter:c_rtl_0|alt_counter_f10ke:wysi_counter|counter_cell[6] ; lpm_counter:c_rtl_0|alt_counter_f10ke:wysi_counter|counter_cell[6] ; clk        ; clk      ; None                        ; None                      ; 1.900 ns                ;
; N/A   ; Restricted to 125.00 MHz ( period = 8.000 ns ) ; lpm_counter:c_rtl_0|alt_counter_f10ke:wysi_counter|counter_cell[6] ; lpm_counter:c_rtl_0|alt_counter_f10ke:wysi_counter|counter_cell[7] ; clk        ; clk      ; None                        ; None                      ; 1.900 ns                ;
; N/A   ; Restricted to 125.00 MHz ( period = 8.000 ns ) ; lpm_counter:c_rtl_0|alt_counter_f10ke:wysi_counter|counter_cell[7] ; lpm_counter:c_rtl_0|alt_counter_f10ke:wysi_counter|counter_cell[7] ; clk        ; clk      ; None                        ; None                      ; 1.900 ns                ;
+-------+------------------------------------------------+--------------------------------------------------------------------+--------------------------------------------------------------------+------------+----------+-----------------------------+---------------------------+-------------------------+


+---------------------------------------------------------------------------------------------------------------------------+
; tsu                                                                                                                       ;
+-------+--------------+------------+-------+--------------------------------------------------------------------+----------+
; Slack ; Required tsu ; Actual tsu ; From  ; To                                                                 ; To Clock ;
+-------+--------------+------------+-------+--------------------------------------------------------------------+----------+
; N/A   ; None         ; 6.700 ns   ; ld_pc ; lpm_counter:c_rtl_0|alt_counter_f10ke:wysi_counter|counter_cell[0] ; clk      ;
; N/A   ; None         ; 6.700 ns   ; ld_pc ; lpm_counter:c_rtl_0|alt_counter_f10ke:wysi_counter|counter_cell[1] ; clk      ;
; N/A   ; None         ; 6.700 ns   ; ld_pc ; lpm_counter:c_rtl_0|alt_counter_f10ke:wysi_counter|counter_cell[2] ; clk      ;
; N/A   ; None         ; 6.700 ns   ; ld_pc ; lpm_counter:c_rtl_0|alt_counter_f10ke:wysi_counter|counter_cell[3] ; clk      ;
; N/A   ; None         ; 6.700 ns   ; ld_pc ; lpm_counter:c_rtl_0|alt_counter_f10ke:wysi_counter|counter_cell[4] ; clk      ;
; N/A   ; None         ; 6.700 ns   ; ld_pc ; lpm_counter:c_rtl_0|alt_counter_f10ke:wysi_counter|counter_cell[5] ; clk      ;
; N/A   ; None         ; 6.700 ns   ; ld_pc ; lpm_counter:c_rtl_0|alt_counter_f10ke:wysi_counter|counter_cell[6] ; clk      ;
; N/A   ; None         ; 6.700 ns   ; ld_pc ; lpm_counter:c_rtl_0|alt_counter_f10ke:wysi_counter|counter_cell[7] ; clk      ;
; N/A   ; None         ; 6.000 ns   ; a[3]  ; lpm_counter:c_rtl_0|alt_counter_f10ke:wysi_counter|counter_cell[3] ; clk      ;
; N/A   ; None         ; 5.300 ns   ; a[7]  ; lpm_counter:c_rtl_0|alt_counter_f10ke:wysi_counter|counter_cell[7] ; clk      ;
; N/A   ; None         ; 5.300 ns   ; a[6]  ; lpm_counter:c_rtl_0|alt_counter_f10ke:wysi_counter|counter_cell[6] ; clk      ;
; N/A   ; None         ; 5.300 ns   ; a[5]  ; lpm_counter:c_rtl_0|alt_counter_f10ke:wysi_counter|counter_cell[5] ; clk      ;
; N/A   ; None         ; 5.000 ns   ; a[4]  ; lpm_counter:c_rtl_0|alt_counter_f10ke:wysi_counter|counter_cell[4] ; clk      ;
; N/A   ; None         ; 3.300 ns   ; a[2]  ; lpm_counter:c_rtl_0|alt_counter_f10ke:wysi_counter|counter_cell[2] ; clk      ;
; N/A   ; None         ; 3.300 ns   ; a[1]  ; lpm_counter:c_rtl_0|alt_counter_f10ke:wysi_counter|counter_cell[1] ; clk      ;
; N/A   ; None         ; 3.300 ns   ; a[0]  ; lpm_counter:c_rtl_0|alt_counter_f10ke:wysi_counter|counter_cell[0] ; clk      ;
; N/A   ; None         ; 3.300 ns   ; in_pc ; lpm_counter:c_rtl_0|alt_counter_f10ke:wysi_counter|counter_cell[0] ; clk      ;
; N/A   ; None         ; 3.300 ns   ; in_pc ; lpm_counter:c_rtl_0|alt_counter_f10ke:wysi_counter|counter_cell[1] ; clk      ;
; N/A   ; None         ; 3.300 ns   ; in_pc ; lpm_counter:c_rtl_0|alt_counter_f10ke:wysi_counter|counter_cell[2] ; clk      ;
; N/A   ; None         ; 3.300 ns   ; in_pc ; lpm_counter:c_rtl_0|alt_counter_f10ke:wysi_counter|counter_cell[3] ; clk      ;
; N/A   ; None         ; 3.300 ns   ; in_pc ; lpm_counter:c_rtl_0|alt_counter_f10ke:wysi_counter|counter_cell[4] ; clk      ;
; N/A   ; None         ; 3.300 ns   ; in_pc ; lpm_counter:c_rtl_0|alt_counter_f10ke:wysi_counter|counter_cell[5] ; clk      ;
; N/A   ; None         ; 3.300 ns   ; in_pc ; lpm_counter:c_rtl_0|alt_counter_f10ke:wysi_counter|counter_cell[6] ; clk      ;
; N/A   ; None         ; 3.300 ns   ; in_pc ; lpm_counter:c_rtl_0|alt_counter_f10ke:wysi_counter|counter_cell[7] ; clk      ;
+-------+--------------+------------+-------+--------------------------------------------------------------------+----------+


+----------------------------------------------------------------------------------------------------------------------------+
; tco                                                                                                                        ;
+-------+--------------+------------+--------------------------------------------------------------------+------+------------+
; Slack ; Required tco ; Actual tco ; From                                                               ; To   ; From Clock ;
+-------+--------------+------------+--------------------------------------------------------------------+------+------------+
; N/A   ; None         ; 14.000 ns  ; lpm_counter:c_rtl_0|alt_counter_f10ke:wysi_counter|counter_cell[1] ; c[1] ; clk        ;
; N/A   ; None         ; 13.100 ns  ; lpm_counter:c_rtl_0|alt_counter_f10ke:wysi_counter|counter_cell[7] ; c[7] ; clk        ;
; N/A   ; None         ; 13.100 ns  ; lpm_counter:c_rtl_0|alt_counter_f10ke:wysi_counter|counter_cell[4] ; c[4] ; clk        ;
; N/A   ; None         ; 13.100 ns  ; lpm_counter:c_rtl_0|alt_counter_f10ke:wysi_counter|counter_cell[0] ; c[0] ; clk        ;
; N/A   ; None         ; 13.000 ns  ; lpm_counter:c_rtl_0|alt_counter_f10ke:wysi_counter|counter_cell[6] ; c[6] ; clk        ;
; N/A   ; None         ; 13.000 ns  ; lpm_counter:c_rtl_0|alt_counter_f10ke:wysi_counter|counter_cell[2] ; c[2] ; clk        ;
; N/A   ; None         ; 12.500 ns  ; lpm_counter:c_rtl_0|alt_counter_f10ke:wysi_counter|counter_cell[5] ; c[5] ; clk        ;
; N/A   ; None         ; 12.500 ns  ; lpm_counter:c_rtl_0|alt_counter_f10ke:wysi_counter|counter_cell[3] ; c[3] ; clk        ;
+-------+--------------+------------+--------------------------------------------------------------------+------+------------+


+---------------------------------------------------------------------------------------------------------------------------------+
; th                                                                                                                              ;
+---------------+-------------+-----------+-------+--------------------------------------------------------------------+----------+
; Minimum Slack ; Required th ; Actual th ; From  ; To                                                                 ; To Clock ;
+---------------+-------------+-----------+-------+--------------------------------------------------------------------+----------+
; N/A           ; None        ; 0.800 ns  ; a[2]  ; lpm_counter:c_rtl_0|alt_counter_f10ke:wysi_counter|counter_cell[2] ; clk      ;
; N/A           ; None        ; 0.800 ns  ; a[1]  ; lpm_counter:c_rtl_0|alt_counter_f10ke:wysi_counter|counter_cell[1] ; clk      ;
; N/A           ; None        ; 0.800 ns  ; a[0]  ; lpm_counter:c_rtl_0|alt_counter_f10ke:wysi_counter|counter_cell[0] ; clk      ;
; N/A           ; None        ; 0.800 ns  ; in_pc ; lpm_counter:c_rtl_0|alt_counter_f10ke:wysi_counter|counter_cell[0] ; clk      ;
; N/A           ; None        ; 0.800 ns  ; in_pc ; lpm_counter:c_rtl_0|alt_counter_f10ke:wysi_counter|counter_cell[1] ; clk      ;
; N/A           ; None        ; 0.800 ns  ; in_pc ; lpm_counter:c_rtl_0|alt_counter_f10ke:wysi_counter|counter_cell[2] ; clk      ;
; N/A           ; None        ; 0.800 ns  ; in_pc ; lpm_counter:c_rtl_0|alt_counter_f10ke:wysi_counter|counter_cell[3] ; clk      ;
; N/A           ; None        ; 0.800 ns  ; in_pc ; lpm_counter:c_rtl_0|alt_counter_f10ke:wysi_counter|counter_cell[4] ; clk      ;
; N/A           ; None        ; 0.800 ns  ; in_pc ; lpm_counter:c_rtl_0|alt_counter_f10ke:wysi_counter|counter_cell[5] ; clk      ;
; N/A           ; None        ; 0.800 ns  ; in_pc ; lpm_counter:c_rtl_0|alt_counter_f10ke:wysi_counter|counter_cell[6] ; clk      ;
; N/A           ; None        ; 0.800 ns  ; in_pc ; lpm_counter:c_rtl_0|alt_counter_f10ke:wysi_counter|counter_cell[7] ; clk      ;
; N/A           ; None        ; -0.900 ns ; a[4]  ; lpm_counter:c_rtl_0|alt_counter_f10ke:wysi_counter|counter_cell[4] ; clk      ;
; N/A           ; None        ; -1.200 ns ; a[7]  ; lpm_counter:c_rtl_0|alt_counter_f10ke:wysi_counter|counter_cell[7] ; clk      ;
; N/A           ; None        ; -1.200 ns ; a[6]  ; lpm_counter:c_rtl_0|alt_counter_f10ke:wysi_counter|counter_cell[6] ; clk      ;
; N/A           ; None        ; -1.200 ns ; a[5]  ; lpm_counter:c_rtl_0|alt_counter_f10ke:wysi_counter|counter_cell[5] ; clk      ;
; N/A           ; None        ; -1.900 ns ; a[3]  ; lpm_counter:c_rtl_0|alt_counter_f10ke:wysi_counter|counter_cell[3] ; clk      ;
; N/A           ; None        ; -2.600 ns ; ld_pc ; lpm_counter:c_rtl_0|alt_counter_f10ke:wysi_counter|counter_cell[0] ; clk      ;
; N/A           ; None        ; -2.600 ns ; ld_pc ; lpm_counter:c_rtl_0|alt_counter_f10ke:wysi_counter|counter_cell[1] ; clk      ;
; N/A           ; None        ; -2.600 ns ; ld_pc ; lpm_counter:c_rtl_0|alt_counter_f10ke:wysi_counter|counter_cell[2] ; clk      ;
; N/A           ; None        ; -2.600 ns ; ld_pc ; lpm_counter:c_rtl_0|alt_counter_f10ke:wysi_counter|counter_cell[3] ; clk      ;
; N/A           ; None        ; -2.600 ns ; ld_pc ; lpm_counter:c_rtl_0|alt_counter_f10ke:wysi_counter|counter_cell[4] ; clk      ;
; N/A           ; None        ; -2.600 ns ; ld_pc ; lpm_counter:c_rtl_0|alt_counter_f10ke:wysi_counter|counter_cell[5] ; clk      ;
; N/A           ; None        ; -2.600 ns ; ld_pc ; lpm_counter:c_rtl_0|alt_counter_f10ke:wysi_counter|counter_cell[6] ; clk      ;
; N/A           ; None        ; -2.600 ns ; ld_pc ; lpm_counter:c_rtl_0|alt_counter_f10ke:wysi_counter|counter_cell[7] ; clk      ;
+---------------+-------------+-----------+-------+--------------------------------------------------------------------+----------+


+--------------------------+
; Timing Analyzer Messages ;
+--------------------------+
Info: *******************************************************************
Info: Running Quartus II Classic Timing Analyzer
    Info: Version 9.0 Build 184 04/29/2009 Service Pack 1 SJ Web Edition
    Info: Processing started: Fri Dec 12 16:33:59 2025
Info: Command: quartus_tan --read_settings_files=off --write_settings_files=off pc -c pc
Info: Started post-fitting delay annotation
Info: Delay annotation completed successfully
Warning: Found pins functioning as undefined clocks and/or memory enables
    Info: Assuming node "clk" is an undefined clock
Info: Clock "clk" Internal fmax is restricted to 125.0 MHz between source register "lpm_counter:c_rtl_0|alt_counter_f10ke:wysi_counter|counter_cell[0]" and destination register "lpm_counter:c_rtl_0|alt_counter_f10ke:wysi_counter|counter_cell[7]"
    Info: fmax restricted to Clock High delay (4.0 ns) plus Clock Low delay (4.0 ns) : restricted to 8.0 ns. Expand message to see actual delay path.
        Info: + Longest register to register delay is 3.700 ns
            Info: 1: + IC(0.000 ns) + CELL(0.000 ns) = 0.000 ns; Loc. = LC1_E19; Fanout = 4; REG Node = 'lpm_counter:c_rtl_0|alt_counter_f10ke:wysi_counter|counter_cell[0]'
            Info: 2: + IC(0.000 ns) + CELL(1.200 ns) = 1.200 ns; Loc. = LC1_E19; Fanout = 2; COMB Node = 'lpm_counter:c_rtl_0|alt_counter_f10ke:wysi_counter|counter_cell[0]~COUT'
            Info: 3: + IC(0.000 ns) + CELL(0.300 ns) = 1.500 ns; Loc. = LC2_E19; Fanout = 2; COMB Node = 'lpm_counter:c_rtl_0|alt_counter_f10ke:wysi_counter|counter_cell[1]~COUT'
            Info: 4: + IC(0.000 ns) + CELL(0.300 ns) = 1.800 ns; Loc. = LC3_E19; Fanout = 2; COMB Node = 'lpm_counter:c_rtl_0|alt_counter_f10ke:wysi_counter|counter_cell[2]~COUT'
            Info: 5: + IC(0.000 ns) + CELL(0.300 ns) = 2.100 ns; Loc. = LC4_E19; Fanout = 2; COMB Node = 'lpm_counter:c_rtl_0|alt_counter_f10ke:wysi_counter|counter_cell[3]~COUT'
            Info: 6: + IC(0.000 ns) + CELL(0.300 ns) = 2.400 ns; Loc. = LC5_E19; Fanout = 2; COMB Node = 'lpm_counter:c_rtl_0|alt_counter_f10ke:wysi_counter|counter_cell[4]~COUT'
            Info: 7: + IC(0.000 ns) + CELL(0.300 ns) = 2.700 ns; Loc. = LC6_E19; Fanout = 2; COMB Node = 'lpm_counter:c_rtl_0|alt_counter_f10ke:wysi_counter|counter_cell[5]~COUT'
            Info: 8: + IC(0.000 ns) + CELL(0.300 ns) = 3.000 ns; Loc. = LC7_E19; Fanout = 1; COMB Node = 'lpm_counter:c_rtl_0|alt_counter_f10ke:wysi_counter|counter_cell[6]~COUT'
            Info: 9: + IC(0.000 ns) + CELL(0.700 ns) = 3.700 ns; Loc. = LC8_E19; Fanout = 2; REG Node = 'lpm_counter:c_rtl_0|alt_counter_f10ke:wysi_counter|counter_cell[7]'
            Info: Total cell delay = 3.700 ns ( 100.00 % )
        Info: - Smallest clock skew is 0.000 ns
            Info: + Shortest clock path from clock "clk" to destination register is 5.300 ns
                Info: 1: + IC(0.000 ns) + CELL(2.800 ns) = 2.800 ns; Loc. = PIN_55; Fanout = 8; CLK Node = 'clk'
                Info: 2: + IC(2.500 ns) + CELL(0.000 ns) = 5.300 ns; Loc. = LC8_E19; Fanout = 2; REG Node = 'lpm_counter:c_rtl_0|alt_counter_f10ke:wysi_counter|counter_cell[7]'
                Info: Total cell delay = 2.800 ns ( 52.83 % )
                Info: Total interconnect delay = 2.500 ns ( 47.17 % )
            Info: - Longest clock path from clock "clk" to source register is 5.300 ns
                Info: 1: + IC(0.000 ns) + CELL(2.800 ns) = 2.800 ns; Loc. = PIN_55; Fanout = 8; CLK Node = 'clk'
                Info: 2: + IC(2.500 ns) + CELL(0.000 ns) = 5.300 ns; Loc. = LC1_E19; Fanout = 4; REG Node = 'lpm_counter:c_rtl_0|alt_counter_f10ke:wysi_counter|counter_cell[0]'
                Info: Total cell delay = 2.800 ns ( 52.83 % )
                Info: Total interconnect delay = 2.500 ns ( 47.17 % )
        Info: + Micro clock to output delay of source is 1.100 ns
        Info: + Micro setup delay of destination is 2.500 ns
Info: tsu for register "lpm_counter:c_rtl_0|alt_counter_f10ke:wysi_counter|counter_cell[0]" (data pin = "ld_pc", clock pin = "clk") is 6.700 ns
    Info: + Longest pin to register delay is 9.500 ns
        Info: 1: + IC(0.000 ns) + CELL(2.800 ns) = 2.800 ns; Loc. = PIN_54; Fanout = 1; PIN Node = 'ld_pc'
        Info: 2: + IC(1.500 ns) + CELL(1.800 ns) = 6.100 ns; Loc. = LC2_E23; Fanout = 8; COMB Node = 'ld_pc~_wirecell'
        Info: 3: + IC(2.200 ns) + CELL(1.200 ns) = 9.500 ns; Loc. = LC1_E19; Fanout = 4; REG Node = 'lpm_counter:c_rtl_0|alt_counter_f10ke:wysi_counter|counter_cell[0]'
        Info: Total cell delay = 5.800 ns ( 61.05 % )
        Info: Total interconnect delay = 3.700 ns ( 38.95 % )
    Info: + Micro setup delay of destination is 2.500 ns
    Info: - Shortest clock path from clock "clk" to destination register is 5.300 ns
        Info: 1: + IC(0.000 ns) + CELL(2.800 ns) = 2.800 ns; Loc. = PIN_55; Fanout = 8; CLK Node = 'clk'
        Info: 2: + IC(2.500 ns) + CELL(0.000 ns) = 5.300 ns; Loc. = LC1_E19; Fanout = 4; REG Node = 'lpm_counter:c_rtl_0|alt_counter_f10ke:wysi_counter|counter_cell[0]'
        Info: Total cell delay = 2.800 ns ( 52.83 % )
        Info: Total interconnect delay = 2.500 ns ( 47.17 % )
Info: tco from clock "clk" to destination pin "c[1]" through register "lpm_counter:c_rtl_0|alt_counter_f10ke:wysi_counter|counter_cell[1]" is 14.000 ns
    Info: + Longest clock path from clock "clk" to source register is 5.300 ns
        Info: 1: + IC(0.000 ns) + CELL(2.800 ns) = 2.800 ns; Loc. = PIN_55; Fanout = 8; CLK Node = 'clk'
        Info: 2: + IC(2.500 ns) + CELL(0.000 ns) = 5.300 ns; Loc. = LC2_E19; Fanout = 4; REG Node = 'lpm_counter:c_rtl_0|alt_counter_f10ke:wysi_counter|counter_cell[1]'
        Info: Total cell delay = 2.800 ns ( 52.83 % )
        Info: Total interconnect delay = 2.500 ns ( 47.17 % )
    Info: + Micro clock to output delay of source is 1.100 ns
    Info: + Longest register to pin delay is 7.600 ns
        Info: 1: + IC(0.000 ns) + CELL(0.000 ns) = 0.000 ns; Loc. = LC2_E19; Fanout = 4; REG Node = 'lpm_counter:c_rtl_0|alt_counter_f10ke:wysi_counter|counter_cell[1]'
        Info: 2: + IC(2.500 ns) + CELL(5.100 ns) = 7.600 ns; Loc. = PIN_87; Fanout = 0; PIN Node = 'c[1]'
        Info: Total cell delay = 5.100 ns ( 67.11 % )
        Info: Total interconnect delay = 2.500 ns ( 32.89 % )
Info: th for register "lpm_counter:c_rtl_0|alt_counter_f10ke:wysi_counter|counter_cell[2]" (data pin = "a[2]", clock pin = "clk") is 0.800 ns
    Info: + Longest clock path from clock "clk" to destination register is 5.300 ns
        Info: 1: + IC(0.000 ns) + CELL(2.800 ns) = 2.800 ns; Loc. = PIN_55; Fanout = 8; CLK Node = 'clk'
        Info: 2: + IC(2.500 ns) + CELL(0.000 ns) = 5.300 ns; Loc. = LC3_E19; Fanout = 4; REG Node = 'lpm_counter:c_rtl_0|alt_counter_f10ke:wysi_counter|counter_cell[2]'
        Info: Total cell delay = 2.800 ns ( 52.83 % )
        Info: Total interconnect delay = 2.500 ns ( 47.17 % )
    Info: + Micro hold delay of destination is 1.600 ns
    Info: - Shortest pin to register delay is 6.100 ns
        Info: 1: + IC(0.000 ns) + CELL(2.800 ns) = 2.800 ns; Loc. = PIN_125; Fanout = 1; PIN Node = 'a[2]'
        Info: 2: + IC(1.600 ns) + CELL(1.700 ns) = 6.100 ns; Loc. = LC3_E19; Fanout = 4; REG Node = 'lpm_counter:c_rtl_0|alt_counter_f10ke:wysi_counter|counter_cell[2]'
        Info: Total cell delay = 4.500 ns ( 73.77 % )
        Info: Total interconnect delay = 1.600 ns ( 26.23 % )
Info: Quartus II Classic Timing Analyzer was successful. 0 errors, 1 warning
    Info: Peak virtual memory: 180 megabytes
    Info: Processing ended: Fri Dec 12 16:33:59 2025
    Info: Elapsed time: 00:00:00
    Info: Total CPU time (on all processors): 00:00:00


