Classic Timing Analyzer report for reg_group
Fri Dec 12 17:02:20 2025
Quartus II Version 9.0 Build 184 04/29/2009 Service Pack 1 SJ Web Edition


---------------------
; Table of Contents ;
---------------------
  1. Legal Notice
  2. Timing Analyzer Summary
  3. Timing Analyzer Settings
  4. Clock Settings Summary
  5. Parallel Compilation
  6. tsu
  7. tco
  8. tpd
  9. th
 10. Timing Analyzer Messages



----------------
; Legal Notice ;
----------------
Copyright (C) 1991-2009 Altera Corporation
Your use of Altera Corporation's design tools, logic functions 
and other software and tools, and its AMPP partner logic 
functions, and any output files from any of the foregoing 
(including device programming or simulation files), and any 
associated documentation or information are expressly subject 
to the terms and conditions of the Altera Program License 
Subscription Agreement, Altera MegaCore Function License 
Agreement, or other applicable license agreement, including, 
without limitation, that your use is for the sole purpose of 
programming logic devices manufactured by Altera and sold by 
Altera or its authorized distributors.  Please refer to the 
applicable agreement for further details.



+---------------------------------------------------------------------------------------------------------------------------+
; Timing Analyzer Summary                                                                                                   ;
+------------------------------+-------+---------------+-------------+-------+-------+------------+----------+--------------+
; Type                         ; Slack ; Required Time ; Actual Time ; From  ; To    ; From Clock ; To Clock ; Failed Paths ;
+------------------------------+-------+---------------+-------------+-------+-------+------------+----------+--------------+
; Worst-case tsu               ; N/A   ; None          ; 10.700 ns   ; we    ; R1[6] ; --         ; clk      ; 0            ;
; Worst-case tco               ; N/A   ; None          ; 19.800 ns   ; R2[6] ; s[6]  ; clk        ; --       ; 0            ;
; Worst-case tpd               ; N/A   ; None          ; 17.300 ns   ; sr[1] ; s[4]  ; --         ; --       ; 0            ;
; Worst-case th                ; N/A   ; None          ; 1.400 ns    ; i[0]  ; R3[0] ; --         ; clk      ; 0            ;
; Total number of failed paths ;       ;               ;             ;       ;       ;            ;          ; 0            ;
+------------------------------+-------+---------------+-------------+-------+-------+------------+----------+--------------+


+--------------------------------------------------------------------------------------------------------------------+
; Timing Analyzer Settings                                                                                           ;
+---------------------------------------------------------------------+--------------------+------+----+-------------+
; Option                                                              ; Setting            ; From ; To ; Entity Name ;
+---------------------------------------------------------------------+--------------------+------+----+-------------+
; Device Name                                                         ; EPF10K20TC144-4    ;      ;    ;             ;
; Timing Models                                                       ; Final              ;      ;    ;             ;
; Default hold multicycle                                             ; Same as Multicycle ;      ;    ;             ;
; Cut paths between unrelated clock domains                           ; On                 ;      ;    ;             ;
; Cut off read during write signal paths                              ; On                 ;      ;    ;             ;
; Cut off feedback from I/O pins                                      ; On                 ;      ;    ;             ;
; Report Combined Fast/Slow Timing                                    ; Off                ;      ;    ;             ;
; Ignore Clock Settings                                               ; Off                ;      ;    ;             ;
; Analyze latches as synchronous elements                             ; On                 ;      ;    ;             ;
; Enable Recovery/Removal analysis                                    ; Off                ;      ;    ;             ;
; Enable Clock Latency                                                ; Off                ;      ;    ;             ;
; Use TimeQuest Timing Analyzer                                       ; Off                ;      ;    ;             ;
; Minimum Core Junction Temperature                                   ; 0                  ;      ;    ;             ;
; Maximum Core Junction Temperature                                   ; 85                 ;      ;    ;             ;
; Number of source nodes to report per destination node               ; 10                 ;      ;    ;             ;
; Number of destination nodes to report                               ; 10                 ;      ;    ;             ;
; Number of paths to report                                           ; 200                ;      ;    ;             ;
; Report Minimum Timing Checks                                        ; Off                ;      ;    ;             ;
; Use Fast Timing Models                                              ; Off                ;      ;    ;             ;
; Report IO Paths Separately                                          ; Off                ;      ;    ;             ;
; Perform Multicorner Analysis                                        ; Off                ;      ;    ;             ;
; Reports the worst-case path for each clock domain and analysis      ; Off                ;      ;    ;             ;
; Removes common clock path pessimism (CCPP) during slack computation ; Off                ;      ;    ;             ;
; Output I/O Timing Endpoint                                          ; Near End           ;      ;    ;             ;
+---------------------------------------------------------------------+--------------------+------+----+-------------+


+------------------------------------------------------------------------------------------------------------------------------------------------------------------------------------+
; Clock Settings Summary                                                                                                                                                             ;
+-----------------+--------------------+----------+------------------+---------------+--------------+----------+-----------------------+---------------------+--------+--------------+
; Clock Node Name ; Clock Setting Name ; Type     ; Fmax Requirement ; Early Latency ; Late Latency ; Based on ; Multiply Base Fmax by ; Divide Base Fmax by ; Offset ; Phase offset ;
+-----------------+--------------------+----------+------------------+---------------+--------------+----------+-----------------------+---------------------+--------+--------------+
; clk             ;                    ; User Pin ; None             ; 0.000 ns      ; 0.000 ns     ; --       ; N/A                   ; N/A                 ; N/A    ;              ;
+-----------------+--------------------+----------+------------------+---------------+--------------+----------+-----------------------+---------------------+--------+--------------+


Parallel compilation was disabled, but you have multiple processors available. Enable parallel compilation to reduce compilation time.
+-------------------------------------+
; Parallel Compilation                ;
+----------------------------+--------+
; Processors                 ; Number ;
+----------------------------+--------+
; Number detected on machine ; 16     ;
; Maximum allowed            ; 1      ;
+----------------------------+--------+


+--------------------------------------------------------------+
; tsu                                                          ;
+-------+--------------+------------+-------+-------+----------+
; Slack ; Required tsu ; Actual tsu ; From  ; To    ; To Clock ;
+-------+--------------+------------+-------+-------+----------+
; N/A   ; None         ; 10.700 ns  ; we    ; R1[6] ; clk      ;
; N/A   ; None         ; 10.600 ns  ; we    ; R1[5] ; clk      ;
; N/A   ; None         ; 10.500 ns  ; we    ; R2[1] ; clk      ;
; N/A   ; None         ; 10.500 ns  ; we    ; R1[1] ; clk      ;
; N/A   ; None         ; 10.500 ns  ; we    ; R0[1] ; clk      ;
; N/A   ; None         ; 10.500 ns  ; we    ; R0[7] ; clk      ;
; N/A   ; None         ; 10.400 ns  ; we    ; R1[4] ; clk      ;
; N/A   ; None         ; 10.400 ns  ; we    ; R2[4] ; clk      ;
; N/A   ; None         ; 10.400 ns  ; we    ; R0[4] ; clk      ;
; N/A   ; None         ; 10.400 ns  ; we    ; R0[6] ; clk      ;
; N/A   ; None         ; 10.400 ns  ; we    ; R2[7] ; clk      ;
; N/A   ; None         ; 10.400 ns  ; we    ; R1[7] ; clk      ;
; N/A   ; None         ; 10.300 ns  ; we    ; R1[0] ; clk      ;
; N/A   ; None         ; 10.300 ns  ; we    ; R2[0] ; clk      ;
; N/A   ; None         ; 10.300 ns  ; we    ; R0[0] ; clk      ;
; N/A   ; None         ; 10.300 ns  ; we    ; R0[3] ; clk      ;
; N/A   ; None         ; 10.300 ns  ; we    ; R2[5] ; clk      ;
; N/A   ; None         ; 10.300 ns  ; we    ; R0[5] ; clk      ;
; N/A   ; None         ; 10.300 ns  ; we    ; R2[6] ; clk      ;
; N/A   ; None         ; 10.200 ns  ; we    ; R2[3] ; clk      ;
; N/A   ; None         ; 10.200 ns  ; we    ; R1[3] ; clk      ;
; N/A   ; None         ; 10.000 ns  ; we    ; R3[1] ; clk      ;
; N/A   ; None         ; 9.900 ns   ; we    ; R3[4] ; clk      ;
; N/A   ; None         ; 9.900 ns   ; we    ; R3[7] ; clk      ;
; N/A   ; None         ; 9.800 ns   ; we    ; R3[0] ; clk      ;
; N/A   ; None         ; 9.800 ns   ; we    ; R3[5] ; clk      ;
; N/A   ; None         ; 9.800 ns   ; we    ; R3[6] ; clk      ;
; N/A   ; None         ; 9.700 ns   ; we    ; R3[3] ; clk      ;
; N/A   ; None         ; 9.200 ns   ; we    ; R1[2] ; clk      ;
; N/A   ; None         ; 9.200 ns   ; we    ; R2[2] ; clk      ;
; N/A   ; None         ; 9.200 ns   ; we    ; R0[2] ; clk      ;
; N/A   ; None         ; 9.100 ns   ; dr[0] ; R1[6] ; clk      ;
; N/A   ; None         ; 9.000 ns   ; dr[0] ; R1[5] ; clk      ;
; N/A   ; None         ; 8.900 ns   ; dr[0] ; R1[1] ; clk      ;
; N/A   ; None         ; 8.900 ns   ; dr[0] ; R0[1] ; clk      ;
; N/A   ; None         ; 8.900 ns   ; dr[0] ; R3[1] ; clk      ;
; N/A   ; None         ; 8.900 ns   ; dr[0] ; R0[7] ; clk      ;
; N/A   ; None         ; 8.900 ns   ; dr[1] ; R2[1] ; clk      ;
; N/A   ; None         ; 8.900 ns   ; dr[1] ; R3[1] ; clk      ;
; N/A   ; None         ; 8.800 ns   ; dr[0] ; R1[4] ; clk      ;
; N/A   ; None         ; 8.800 ns   ; dr[0] ; R0[4] ; clk      ;
; N/A   ; None         ; 8.800 ns   ; dr[0] ; R3[4] ; clk      ;
; N/A   ; None         ; 8.800 ns   ; dr[0] ; R0[6] ; clk      ;
; N/A   ; None         ; 8.800 ns   ; dr[0] ; R1[7] ; clk      ;
; N/A   ; None         ; 8.800 ns   ; dr[0] ; R3[7] ; clk      ;
; N/A   ; None         ; 8.800 ns   ; dr[1] ; R2[4] ; clk      ;
; N/A   ; None         ; 8.800 ns   ; dr[1] ; R3[4] ; clk      ;
; N/A   ; None         ; 8.800 ns   ; dr[1] ; R2[7] ; clk      ;
; N/A   ; None         ; 8.800 ns   ; dr[1] ; R3[7] ; clk      ;
; N/A   ; None         ; 8.700 ns   ; dr[0] ; R1[0] ; clk      ;
; N/A   ; None         ; 8.700 ns   ; dr[0] ; R0[0] ; clk      ;
; N/A   ; None         ; 8.700 ns   ; dr[0] ; R3[0] ; clk      ;
; N/A   ; None         ; 8.700 ns   ; dr[0] ; R0[3] ; clk      ;
; N/A   ; None         ; 8.700 ns   ; dr[0] ; R0[5] ; clk      ;
; N/A   ; None         ; 8.700 ns   ; dr[0] ; R3[5] ; clk      ;
; N/A   ; None         ; 8.700 ns   ; dr[0] ; R3[6] ; clk      ;
; N/A   ; None         ; 8.700 ns   ; we    ; R3[2] ; clk      ;
; N/A   ; None         ; 8.700 ns   ; dr[1] ; R2[0] ; clk      ;
; N/A   ; None         ; 8.700 ns   ; dr[1] ; R3[0] ; clk      ;
; N/A   ; None         ; 8.700 ns   ; dr[1] ; R2[5] ; clk      ;
; N/A   ; None         ; 8.700 ns   ; dr[1] ; R3[5] ; clk      ;
; N/A   ; None         ; 8.700 ns   ; dr[1] ; R2[6] ; clk      ;
; N/A   ; None         ; 8.700 ns   ; dr[1] ; R3[6] ; clk      ;
; N/A   ; None         ; 8.600 ns   ; dr[0] ; R1[3] ; clk      ;
; N/A   ; None         ; 8.600 ns   ; dr[0] ; R3[3] ; clk      ;
; N/A   ; None         ; 8.600 ns   ; dr[1] ; R2[3] ; clk      ;
; N/A   ; None         ; 8.600 ns   ; dr[1] ; R3[3] ; clk      ;
; N/A   ; None         ; 8.600 ns   ; dr[1] ; R1[6] ; clk      ;
; N/A   ; None         ; 8.500 ns   ; dr[1] ; R1[5] ; clk      ;
; N/A   ; None         ; 8.400 ns   ; dr[0] ; R2[1] ; clk      ;
; N/A   ; None         ; 8.400 ns   ; dr[1] ; R1[1] ; clk      ;
; N/A   ; None         ; 8.400 ns   ; dr[1] ; R0[1] ; clk      ;
; N/A   ; None         ; 8.400 ns   ; dr[1] ; R0[7] ; clk      ;
; N/A   ; None         ; 8.300 ns   ; dr[0] ; R2[4] ; clk      ;
; N/A   ; None         ; 8.300 ns   ; dr[0] ; R2[7] ; clk      ;
; N/A   ; None         ; 8.300 ns   ; dr[1] ; R1[4] ; clk      ;
; N/A   ; None         ; 8.300 ns   ; dr[1] ; R0[4] ; clk      ;
; N/A   ; None         ; 8.300 ns   ; dr[1] ; R0[6] ; clk      ;
; N/A   ; None         ; 8.300 ns   ; dr[1] ; R1[7] ; clk      ;
; N/A   ; None         ; 8.200 ns   ; dr[0] ; R2[0] ; clk      ;
; N/A   ; None         ; 8.200 ns   ; dr[0] ; R2[5] ; clk      ;
; N/A   ; None         ; 8.200 ns   ; dr[0] ; R2[6] ; clk      ;
; N/A   ; None         ; 8.200 ns   ; dr[1] ; R1[0] ; clk      ;
; N/A   ; None         ; 8.200 ns   ; dr[1] ; R0[0] ; clk      ;
; N/A   ; None         ; 8.200 ns   ; dr[1] ; R0[3] ; clk      ;
; N/A   ; None         ; 8.200 ns   ; dr[1] ; R0[5] ; clk      ;
; N/A   ; None         ; 8.100 ns   ; dr[0] ; R2[3] ; clk      ;
; N/A   ; None         ; 8.100 ns   ; dr[1] ; R1[3] ; clk      ;
; N/A   ; None         ; 7.600 ns   ; dr[0] ; R1[2] ; clk      ;
; N/A   ; None         ; 7.600 ns   ; dr[0] ; R0[2] ; clk      ;
; N/A   ; None         ; 7.600 ns   ; dr[0] ; R3[2] ; clk      ;
; N/A   ; None         ; 7.600 ns   ; dr[1] ; R2[2] ; clk      ;
; N/A   ; None         ; 7.600 ns   ; dr[1] ; R3[2] ; clk      ;
; N/A   ; None         ; 7.100 ns   ; dr[0] ; R2[2] ; clk      ;
; N/A   ; None         ; 7.100 ns   ; dr[1] ; R1[2] ; clk      ;
; N/A   ; None         ; 7.100 ns   ; dr[1] ; R0[2] ; clk      ;
; N/A   ; None         ; 4.800 ns   ; i[6]  ; R1[6] ; clk      ;
; N/A   ; None         ; 4.800 ns   ; i[6]  ; R2[6] ; clk      ;
; N/A   ; None         ; 4.800 ns   ; i[6]  ; R0[6] ; clk      ;
; N/A   ; None         ; 4.800 ns   ; i[6]  ; R3[6] ; clk      ;
; N/A   ; None         ; 4.800 ns   ; i[3]  ; R2[3] ; clk      ;
; N/A   ; None         ; 4.800 ns   ; i[3]  ; R1[3] ; clk      ;
; N/A   ; None         ; 4.800 ns   ; i[3]  ; R0[3] ; clk      ;
; N/A   ; None         ; 4.800 ns   ; i[3]  ; R3[3] ; clk      ;
; N/A   ; None         ; 4.800 ns   ; i[1]  ; R2[1] ; clk      ;
; N/A   ; None         ; 4.800 ns   ; i[1]  ; R1[1] ; clk      ;
; N/A   ; None         ; 4.800 ns   ; i[1]  ; R0[1] ; clk      ;
; N/A   ; None         ; 4.800 ns   ; i[1]  ; R3[1] ; clk      ;
; N/A   ; None         ; 4.700 ns   ; i[4]  ; R1[4] ; clk      ;
; N/A   ; None         ; 4.700 ns   ; i[4]  ; R2[4] ; clk      ;
; N/A   ; None         ; 4.700 ns   ; i[4]  ; R0[4] ; clk      ;
; N/A   ; None         ; 4.700 ns   ; i[4]  ; R3[4] ; clk      ;
; N/A   ; None         ; 4.500 ns   ; i[7]  ; R2[7] ; clk      ;
; N/A   ; None         ; 4.500 ns   ; i[7]  ; R1[7] ; clk      ;
; N/A   ; None         ; 4.500 ns   ; i[7]  ; R0[7] ; clk      ;
; N/A   ; None         ; 4.500 ns   ; i[7]  ; R3[7] ; clk      ;
; N/A   ; None         ; 4.500 ns   ; i[5]  ; R2[5] ; clk      ;
; N/A   ; None         ; 4.500 ns   ; i[5]  ; R1[5] ; clk      ;
; N/A   ; None         ; 4.500 ns   ; i[5]  ; R0[5] ; clk      ;
; N/A   ; None         ; 4.500 ns   ; i[5]  ; R3[5] ; clk      ;
; N/A   ; None         ; 4.500 ns   ; i[2]  ; R1[2] ; clk      ;
; N/A   ; None         ; 4.500 ns   ; i[2]  ; R2[2] ; clk      ;
; N/A   ; None         ; 4.500 ns   ; i[2]  ; R0[2] ; clk      ;
; N/A   ; None         ; 4.500 ns   ; i[2]  ; R3[2] ; clk      ;
; N/A   ; None         ; 2.700 ns   ; i[0]  ; R1[0] ; clk      ;
; N/A   ; None         ; 2.700 ns   ; i[0]  ; R2[0] ; clk      ;
; N/A   ; None         ; 2.700 ns   ; i[0]  ; R0[0] ; clk      ;
; N/A   ; None         ; 2.700 ns   ; i[0]  ; R3[0] ; clk      ;
+-------+--------------+------------+-------+-------+----------+


+---------------------------------------------------------------+
; tco                                                           ;
+-------+--------------+------------+-------+------+------------+
; Slack ; Required tco ; Actual tco ; From  ; To   ; From Clock ;
+-------+--------------+------------+-------+------+------------+
; N/A   ; None         ; 19.800 ns  ; R2[5] ; d[5] ; clk        ;
; N/A   ; None         ; 19.800 ns  ; R2[1] ; d[1] ; clk        ;
; N/A   ; None         ; 19.800 ns  ; R2[6] ; s[6] ; clk        ;
; N/A   ; None         ; 19.700 ns  ; R1[5] ; s[5] ; clk        ;
; N/A   ; None         ; 19.700 ns  ; R2[4] ; s[4] ; clk        ;
; N/A   ; None         ; 19.700 ns  ; R2[0] ; s[0] ; clk        ;
; N/A   ; None         ; 19.300 ns  ; R0[5] ; d[5] ; clk        ;
; N/A   ; None         ; 19.300 ns  ; R0[1] ; d[1] ; clk        ;
; N/A   ; None         ; 19.300 ns  ; R0[6] ; s[6] ; clk        ;
; N/A   ; None         ; 19.200 ns  ; R0[5] ; s[5] ; clk        ;
; N/A   ; None         ; 19.200 ns  ; R0[4] ; s[4] ; clk        ;
; N/A   ; None         ; 19.200 ns  ; R0[0] ; s[0] ; clk        ;
; N/A   ; None         ; 18.900 ns  ; R2[7] ; d[7] ; clk        ;
; N/A   ; None         ; 18.900 ns  ; R1[6] ; d[6] ; clk        ;
; N/A   ; None         ; 18.900 ns  ; R1[4] ; d[4] ; clk        ;
; N/A   ; None         ; 18.900 ns  ; R2[3] ; d[3] ; clk        ;
; N/A   ; None         ; 18.900 ns  ; R1[2] ; d[2] ; clk        ;
; N/A   ; None         ; 18.900 ns  ; R1[0] ; d[0] ; clk        ;
; N/A   ; None         ; 18.900 ns  ; R1[7] ; s[7] ; clk        ;
; N/A   ; None         ; 18.900 ns  ; R1[3] ; s[3] ; clk        ;
; N/A   ; None         ; 18.900 ns  ; R2[2] ; s[2] ; clk        ;
; N/A   ; None         ; 18.900 ns  ; R1[1] ; s[1] ; clk        ;
; N/A   ; None         ; 18.400 ns  ; R0[7] ; d[7] ; clk        ;
; N/A   ; None         ; 18.400 ns  ; R0[6] ; d[6] ; clk        ;
; N/A   ; None         ; 18.400 ns  ; R0[4] ; d[4] ; clk        ;
; N/A   ; None         ; 18.400 ns  ; R0[3] ; d[3] ; clk        ;
; N/A   ; None         ; 18.400 ns  ; R0[2] ; d[2] ; clk        ;
; N/A   ; None         ; 18.400 ns  ; R0[0] ; d[0] ; clk        ;
; N/A   ; None         ; 18.400 ns  ; R0[7] ; s[7] ; clk        ;
; N/A   ; None         ; 18.400 ns  ; R0[3] ; s[3] ; clk        ;
; N/A   ; None         ; 18.400 ns  ; R0[2] ; s[2] ; clk        ;
; N/A   ; None         ; 18.400 ns  ; R0[1] ; s[1] ; clk        ;
; N/A   ; None         ; 16.900 ns  ; R1[5] ; d[5] ; clk        ;
; N/A   ; None         ; 16.900 ns  ; R1[1] ; d[1] ; clk        ;
; N/A   ; None         ; 16.900 ns  ; R1[6] ; s[6] ; clk        ;
; N/A   ; None         ; 16.800 ns  ; R2[5] ; s[5] ; clk        ;
; N/A   ; None         ; 16.800 ns  ; R1[4] ; s[4] ; clk        ;
; N/A   ; None         ; 16.800 ns  ; R1[0] ; s[0] ; clk        ;
; N/A   ; None         ; 16.400 ns  ; R3[5] ; d[5] ; clk        ;
; N/A   ; None         ; 16.400 ns  ; R3[1] ; d[1] ; clk        ;
; N/A   ; None         ; 16.400 ns  ; R3[6] ; s[6] ; clk        ;
; N/A   ; None         ; 16.300 ns  ; R3[5] ; s[5] ; clk        ;
; N/A   ; None         ; 16.300 ns  ; R3[4] ; s[4] ; clk        ;
; N/A   ; None         ; 16.300 ns  ; R3[0] ; s[0] ; clk        ;
; N/A   ; None         ; 16.000 ns  ; R1[7] ; d[7] ; clk        ;
; N/A   ; None         ; 16.000 ns  ; R2[6] ; d[6] ; clk        ;
; N/A   ; None         ; 16.000 ns  ; R2[4] ; d[4] ; clk        ;
; N/A   ; None         ; 16.000 ns  ; R1[3] ; d[3] ; clk        ;
; N/A   ; None         ; 16.000 ns  ; R2[2] ; d[2] ; clk        ;
; N/A   ; None         ; 16.000 ns  ; R2[0] ; d[0] ; clk        ;
; N/A   ; None         ; 16.000 ns  ; R2[7] ; s[7] ; clk        ;
; N/A   ; None         ; 16.000 ns  ; R2[3] ; s[3] ; clk        ;
; N/A   ; None         ; 16.000 ns  ; R1[2] ; s[2] ; clk        ;
; N/A   ; None         ; 16.000 ns  ; R2[1] ; s[1] ; clk        ;
; N/A   ; None         ; 15.500 ns  ; R3[7] ; d[7] ; clk        ;
; N/A   ; None         ; 15.500 ns  ; R3[6] ; d[6] ; clk        ;
; N/A   ; None         ; 15.500 ns  ; R3[4] ; d[4] ; clk        ;
; N/A   ; None         ; 15.500 ns  ; R3[3] ; d[3] ; clk        ;
; N/A   ; None         ; 15.500 ns  ; R3[2] ; d[2] ; clk        ;
; N/A   ; None         ; 15.500 ns  ; R3[0] ; d[0] ; clk        ;
; N/A   ; None         ; 15.500 ns  ; R3[7] ; s[7] ; clk        ;
; N/A   ; None         ; 15.500 ns  ; R3[3] ; s[3] ; clk        ;
; N/A   ; None         ; 15.500 ns  ; R3[2] ; s[2] ; clk        ;
; N/A   ; None         ; 15.500 ns  ; R3[1] ; s[1] ; clk        ;
+-------+--------------+------------+-------+------+------------+


+------------------------------------------------------------+
; tpd                                                        ;
+-------+-------------------+-----------------+-------+------+
; Slack ; Required P2P Time ; Actual P2P Time ; From  ; To   ;
+-------+-------------------+-----------------+-------+------+
; N/A   ; None              ; 17.300 ns       ; dr[1] ; d[5] ;
; N/A   ; None              ; 17.300 ns       ; dr[0] ; d[5] ;
; N/A   ; None              ; 17.300 ns       ; sr[0] ; s[4] ;
; N/A   ; None              ; 17.300 ns       ; sr[1] ; s[4] ;
; N/A   ; None              ; 17.200 ns       ; dr[1] ; d[1] ;
; N/A   ; None              ; 17.200 ns       ; dr[0] ; d[1] ;
; N/A   ; None              ; 17.200 ns       ; sr[0] ; s[6] ;
; N/A   ; None              ; 17.200 ns       ; sr[1] ; s[6] ;
; N/A   ; None              ; 17.200 ns       ; sr[0] ; s[5] ;
; N/A   ; None              ; 17.200 ns       ; sr[1] ; s[5] ;
; N/A   ; None              ; 17.000 ns       ; sr[0] ; s[0] ;
; N/A   ; None              ; 17.000 ns       ; sr[1] ; s[0] ;
; N/A   ; None              ; 16.500 ns       ; dr[1] ; d[4] ;
; N/A   ; None              ; 16.500 ns       ; dr[0] ; d[4] ;
; N/A   ; None              ; 16.400 ns       ; dr[1] ; d[2] ;
; N/A   ; None              ; 16.400 ns       ; dr[0] ; d[2] ;
; N/A   ; None              ; 16.300 ns       ; dr[1] ; d[7] ;
; N/A   ; None              ; 16.300 ns       ; dr[0] ; d[7] ;
; N/A   ; None              ; 16.300 ns       ; dr[1] ; d[6] ;
; N/A   ; None              ; 16.300 ns       ; dr[0] ; d[6] ;
; N/A   ; None              ; 16.300 ns       ; dr[1] ; d[3] ;
; N/A   ; None              ; 16.300 ns       ; dr[0] ; d[3] ;
; N/A   ; None              ; 16.300 ns       ; sr[0] ; s[7] ;
; N/A   ; None              ; 16.300 ns       ; sr[1] ; s[7] ;
; N/A   ; None              ; 16.300 ns       ; sr[0] ; s[3] ;
; N/A   ; None              ; 16.300 ns       ; sr[1] ; s[3] ;
; N/A   ; None              ; 16.300 ns       ; sr[0] ; s[2] ;
; N/A   ; None              ; 16.300 ns       ; sr[1] ; s[2] ;
; N/A   ; None              ; 16.300 ns       ; sr[0] ; s[1] ;
; N/A   ; None              ; 16.300 ns       ; sr[1] ; s[1] ;
; N/A   ; None              ; 16.200 ns       ; dr[1] ; d[0] ;
; N/A   ; None              ; 16.200 ns       ; dr[0] ; d[0] ;
+-------+-------------------+-----------------+-------+------+


+--------------------------------------------------------------------+
; th                                                                 ;
+---------------+-------------+-----------+-------+-------+----------+
; Minimum Slack ; Required th ; Actual th ; From  ; To    ; To Clock ;
+---------------+-------------+-----------+-------+-------+----------+
; N/A           ; None        ; 1.400 ns  ; i[0]  ; R1[0] ; clk      ;
; N/A           ; None        ; 1.400 ns  ; i[0]  ; R2[0] ; clk      ;
; N/A           ; None        ; 1.400 ns  ; i[0]  ; R0[0] ; clk      ;
; N/A           ; None        ; 1.400 ns  ; i[0]  ; R3[0] ; clk      ;
; N/A           ; None        ; -0.400 ns ; i[7]  ; R2[7] ; clk      ;
; N/A           ; None        ; -0.400 ns ; i[7]  ; R1[7] ; clk      ;
; N/A           ; None        ; -0.400 ns ; i[7]  ; R0[7] ; clk      ;
; N/A           ; None        ; -0.400 ns ; i[7]  ; R3[7] ; clk      ;
; N/A           ; None        ; -0.400 ns ; i[5]  ; R2[5] ; clk      ;
; N/A           ; None        ; -0.400 ns ; i[5]  ; R1[5] ; clk      ;
; N/A           ; None        ; -0.400 ns ; i[5]  ; R0[5] ; clk      ;
; N/A           ; None        ; -0.400 ns ; i[5]  ; R3[5] ; clk      ;
; N/A           ; None        ; -0.400 ns ; i[2]  ; R1[2] ; clk      ;
; N/A           ; None        ; -0.400 ns ; i[2]  ; R2[2] ; clk      ;
; N/A           ; None        ; -0.400 ns ; i[2]  ; R0[2] ; clk      ;
; N/A           ; None        ; -0.400 ns ; i[2]  ; R3[2] ; clk      ;
; N/A           ; None        ; -0.600 ns ; i[4]  ; R1[4] ; clk      ;
; N/A           ; None        ; -0.600 ns ; i[4]  ; R2[4] ; clk      ;
; N/A           ; None        ; -0.600 ns ; i[4]  ; R0[4] ; clk      ;
; N/A           ; None        ; -0.600 ns ; i[4]  ; R3[4] ; clk      ;
; N/A           ; None        ; -0.700 ns ; i[6]  ; R1[6] ; clk      ;
; N/A           ; None        ; -0.700 ns ; i[6]  ; R2[6] ; clk      ;
; N/A           ; None        ; -0.700 ns ; i[6]  ; R0[6] ; clk      ;
; N/A           ; None        ; -0.700 ns ; i[6]  ; R3[6] ; clk      ;
; N/A           ; None        ; -0.700 ns ; i[3]  ; R2[3] ; clk      ;
; N/A           ; None        ; -0.700 ns ; i[3]  ; R1[3] ; clk      ;
; N/A           ; None        ; -0.700 ns ; i[3]  ; R0[3] ; clk      ;
; N/A           ; None        ; -0.700 ns ; i[3]  ; R3[3] ; clk      ;
; N/A           ; None        ; -0.700 ns ; i[1]  ; R2[1] ; clk      ;
; N/A           ; None        ; -0.700 ns ; i[1]  ; R1[1] ; clk      ;
; N/A           ; None        ; -0.700 ns ; i[1]  ; R0[1] ; clk      ;
; N/A           ; None        ; -0.700 ns ; i[1]  ; R3[1] ; clk      ;
; N/A           ; None        ; -3.000 ns ; dr[0] ; R2[2] ; clk      ;
; N/A           ; None        ; -3.000 ns ; dr[1] ; R1[2] ; clk      ;
; N/A           ; None        ; -3.000 ns ; dr[1] ; R0[2] ; clk      ;
; N/A           ; None        ; -3.500 ns ; dr[0] ; R1[2] ; clk      ;
; N/A           ; None        ; -3.500 ns ; dr[0] ; R0[2] ; clk      ;
; N/A           ; None        ; -3.500 ns ; dr[0] ; R3[2] ; clk      ;
; N/A           ; None        ; -3.500 ns ; dr[1] ; R2[2] ; clk      ;
; N/A           ; None        ; -3.500 ns ; dr[1] ; R3[2] ; clk      ;
; N/A           ; None        ; -4.000 ns ; dr[0] ; R2[3] ; clk      ;
; N/A           ; None        ; -4.000 ns ; dr[1] ; R1[3] ; clk      ;
; N/A           ; None        ; -4.100 ns ; dr[0] ; R2[0] ; clk      ;
; N/A           ; None        ; -4.100 ns ; dr[0] ; R2[5] ; clk      ;
; N/A           ; None        ; -4.100 ns ; dr[0] ; R2[6] ; clk      ;
; N/A           ; None        ; -4.100 ns ; dr[1] ; R1[0] ; clk      ;
; N/A           ; None        ; -4.100 ns ; dr[1] ; R0[0] ; clk      ;
; N/A           ; None        ; -4.100 ns ; dr[1] ; R0[3] ; clk      ;
; N/A           ; None        ; -4.100 ns ; dr[1] ; R0[5] ; clk      ;
; N/A           ; None        ; -4.200 ns ; dr[0] ; R2[4] ; clk      ;
; N/A           ; None        ; -4.200 ns ; dr[0] ; R2[7] ; clk      ;
; N/A           ; None        ; -4.200 ns ; dr[1] ; R1[4] ; clk      ;
; N/A           ; None        ; -4.200 ns ; dr[1] ; R0[4] ; clk      ;
; N/A           ; None        ; -4.200 ns ; dr[1] ; R0[6] ; clk      ;
; N/A           ; None        ; -4.200 ns ; dr[1] ; R1[7] ; clk      ;
; N/A           ; None        ; -4.300 ns ; dr[0] ; R2[1] ; clk      ;
; N/A           ; None        ; -4.300 ns ; dr[1] ; R1[1] ; clk      ;
; N/A           ; None        ; -4.300 ns ; dr[1] ; R0[1] ; clk      ;
; N/A           ; None        ; -4.300 ns ; dr[1] ; R0[7] ; clk      ;
; N/A           ; None        ; -4.400 ns ; dr[1] ; R1[5] ; clk      ;
; N/A           ; None        ; -4.500 ns ; dr[0] ; R1[3] ; clk      ;
; N/A           ; None        ; -4.500 ns ; dr[0] ; R3[3] ; clk      ;
; N/A           ; None        ; -4.500 ns ; dr[1] ; R2[3] ; clk      ;
; N/A           ; None        ; -4.500 ns ; dr[1] ; R3[3] ; clk      ;
; N/A           ; None        ; -4.500 ns ; dr[1] ; R1[6] ; clk      ;
; N/A           ; None        ; -4.600 ns ; dr[0] ; R1[0] ; clk      ;
; N/A           ; None        ; -4.600 ns ; dr[0] ; R0[0] ; clk      ;
; N/A           ; None        ; -4.600 ns ; dr[0] ; R3[0] ; clk      ;
; N/A           ; None        ; -4.600 ns ; dr[0] ; R0[3] ; clk      ;
; N/A           ; None        ; -4.600 ns ; dr[0] ; R0[5] ; clk      ;
; N/A           ; None        ; -4.600 ns ; dr[0] ; R3[5] ; clk      ;
; N/A           ; None        ; -4.600 ns ; dr[0] ; R3[6] ; clk      ;
; N/A           ; None        ; -4.600 ns ; we    ; R3[2] ; clk      ;
; N/A           ; None        ; -4.600 ns ; dr[1] ; R2[0] ; clk      ;
; N/A           ; None        ; -4.600 ns ; dr[1] ; R3[0] ; clk      ;
; N/A           ; None        ; -4.600 ns ; dr[1] ; R2[5] ; clk      ;
; N/A           ; None        ; -4.600 ns ; dr[1] ; R3[5] ; clk      ;
; N/A           ; None        ; -4.600 ns ; dr[1] ; R2[6] ; clk      ;
; N/A           ; None        ; -4.600 ns ; dr[1] ; R3[6] ; clk      ;
; N/A           ; None        ; -4.700 ns ; dr[0] ; R1[4] ; clk      ;
; N/A           ; None        ; -4.700 ns ; dr[0] ; R0[4] ; clk      ;
; N/A           ; None        ; -4.700 ns ; dr[0] ; R3[4] ; clk      ;
; N/A           ; None        ; -4.700 ns ; dr[0] ; R0[6] ; clk      ;
; N/A           ; None        ; -4.700 ns ; dr[0] ; R1[7] ; clk      ;
; N/A           ; None        ; -4.700 ns ; dr[0] ; R3[7] ; clk      ;
; N/A           ; None        ; -4.700 ns ; dr[1] ; R2[4] ; clk      ;
; N/A           ; None        ; -4.700 ns ; dr[1] ; R3[4] ; clk      ;
; N/A           ; None        ; -4.700 ns ; dr[1] ; R2[7] ; clk      ;
; N/A           ; None        ; -4.700 ns ; dr[1] ; R3[7] ; clk      ;
; N/A           ; None        ; -4.800 ns ; dr[0] ; R1[1] ; clk      ;
; N/A           ; None        ; -4.800 ns ; dr[0] ; R0[1] ; clk      ;
; N/A           ; None        ; -4.800 ns ; dr[0] ; R3[1] ; clk      ;
; N/A           ; None        ; -4.800 ns ; dr[0] ; R0[7] ; clk      ;
; N/A           ; None        ; -4.800 ns ; dr[1] ; R2[1] ; clk      ;
; N/A           ; None        ; -4.800 ns ; dr[1] ; R3[1] ; clk      ;
; N/A           ; None        ; -4.900 ns ; dr[0] ; R1[5] ; clk      ;
; N/A           ; None        ; -5.000 ns ; dr[0] ; R1[6] ; clk      ;
; N/A           ; None        ; -5.100 ns ; we    ; R1[2] ; clk      ;
; N/A           ; None        ; -5.100 ns ; we    ; R2[2] ; clk      ;
; N/A           ; None        ; -5.100 ns ; we    ; R0[2] ; clk      ;
; N/A           ; None        ; -5.600 ns ; we    ; R3[3] ; clk      ;
; N/A           ; None        ; -5.700 ns ; we    ; R3[0] ; clk      ;
; N/A           ; None        ; -5.700 ns ; we    ; R3[5] ; clk      ;
; N/A           ; None        ; -5.700 ns ; we    ; R3[6] ; clk      ;
; N/A           ; None        ; -5.800 ns ; we    ; R3[4] ; clk      ;
; N/A           ; None        ; -5.800 ns ; we    ; R3[7] ; clk      ;
; N/A           ; None        ; -5.900 ns ; we    ; R3[1] ; clk      ;
; N/A           ; None        ; -6.100 ns ; we    ; R2[3] ; clk      ;
; N/A           ; None        ; -6.100 ns ; we    ; R1[3] ; clk      ;
; N/A           ; None        ; -6.200 ns ; we    ; R1[0] ; clk      ;
; N/A           ; None        ; -6.200 ns ; we    ; R2[0] ; clk      ;
; N/A           ; None        ; -6.200 ns ; we    ; R0[0] ; clk      ;
; N/A           ; None        ; -6.200 ns ; we    ; R0[3] ; clk      ;
; N/A           ; None        ; -6.200 ns ; we    ; R2[5] ; clk      ;
; N/A           ; None        ; -6.200 ns ; we    ; R0[5] ; clk      ;
; N/A           ; None        ; -6.200 ns ; we    ; R2[6] ; clk      ;
; N/A           ; None        ; -6.300 ns ; we    ; R1[4] ; clk      ;
; N/A           ; None        ; -6.300 ns ; we    ; R2[4] ; clk      ;
; N/A           ; None        ; -6.300 ns ; we    ; R0[4] ; clk      ;
; N/A           ; None        ; -6.300 ns ; we    ; R0[6] ; clk      ;
; N/A           ; None        ; -6.300 ns ; we    ; R2[7] ; clk      ;
; N/A           ; None        ; -6.300 ns ; we    ; R1[7] ; clk      ;
; N/A           ; None        ; -6.400 ns ; we    ; R2[1] ; clk      ;
; N/A           ; None        ; -6.400 ns ; we    ; R1[1] ; clk      ;
; N/A           ; None        ; -6.400 ns ; we    ; R0[1] ; clk      ;
; N/A           ; None        ; -6.400 ns ; we    ; R0[7] ; clk      ;
; N/A           ; None        ; -6.500 ns ; we    ; R1[5] ; clk      ;
; N/A           ; None        ; -6.600 ns ; we    ; R1[6] ; clk      ;
+---------------+-------------+-----------+-------+-------+----------+


+--------------------------+
; Timing Analyzer Messages ;
+--------------------------+
Info: *******************************************************************
Info: Running Quartus II Classic Timing Analyzer
    Info: Version 9.0 Build 184 04/29/2009 Service Pack 1 SJ Web Edition
    Info: Processing started: Fri Dec 12 17:02:20 2025
Info: Command: quartus_tan --read_settings_files=off --write_settings_files=off reg_group -c reg_group
Info: Started post-fitting delay annotation
Info: Delay annotation completed successfully
Warning: Found pins functioning as undefined clocks and/or memory enables
    Info: Assuming node "clk" is an undefined clock
Info: No valid register-to-register data paths exist for clock "clk"
Info: tsu for register "R1[6]" (data pin = "we", clock pin = "clk") is 10.700 ns
    Info: + Longest pin to register delay is 13.500 ns
        Info: 1: + IC(0.000 ns) + CELL(3.500 ns) = 3.500 ns; Loc. = PIN_19; Fanout = 4; PIN Node = 'we'
        Info: 2: + IC(2.700 ns) + CELL(2.300 ns) = 8.500 ns; Loc. = LC3_D14; Fanout = 8; COMB Node = 'R1[0]~8'
        Info: 3: + IC(3.800 ns) + CELL(1.200 ns) = 13.500 ns; Loc. = LC1_E23; Fanout = 2; REG Node = 'R1[6]'
        Info: Total cell delay = 7.000 ns ( 51.85 % )
        Info: Total interconnect delay = 6.500 ns ( 48.15 % )
    Info: + Micro setup delay of destination is 2.500 ns
    Info: - Shortest clock path from clock "clk" to destination register is 5.300 ns
        Info: 1: + IC(0.000 ns) + CELL(2.800 ns) = 2.800 ns; Loc. = PIN_55; Fanout = 32; CLK Node = 'clk'
        Info: 2: + IC(2.500 ns) + CELL(0.000 ns) = 5.300 ns; Loc. = LC1_E23; Fanout = 2; REG Node = 'R1[6]'
        Info: Total cell delay = 2.800 ns ( 52.83 % )
        Info: Total interconnect delay = 2.500 ns ( 47.17 % )
Info: tco from clock "clk" to destination pin "d[5]" through register "R2[5]" is 19.800 ns
    Info: + Longest clock path from clock "clk" to source register is 5.300 ns
        Info: 1: + IC(0.000 ns) + CELL(2.800 ns) = 2.800 ns; Loc. = PIN_55; Fanout = 32; CLK Node = 'clk'
        Info: 2: + IC(2.500 ns) + CELL(0.000 ns) = 5.300 ns; Loc. = LC1_E20; Fanout = 2; REG Node = 'R2[5]'
        Info: Total cell delay = 2.800 ns ( 52.83 % )
        Info: Total interconnect delay = 2.500 ns ( 47.17 % )
    Info: + Micro clock to output delay of source is 1.100 ns
    Info: + Longest register to pin delay is 13.400 ns
        Info: 1: + IC(0.000 ns) + CELL(0.000 ns) = 0.000 ns; Loc. = LC1_E20; Fanout = 2; REG Node = 'R2[5]'
        Info: 2: + IC(0.600 ns) + CELL(2.300 ns) = 2.900 ns; Loc. = LC7_E20; Fanout = 1; COMB Node = 'd~42'
        Info: 3: + IC(0.600 ns) + CELL(2.300 ns) = 5.800 ns; Loc. = LC8_E20; Fanout = 1; COMB Node = 'd~43'
        Info: 4: + IC(2.500 ns) + CELL(5.100 ns) = 13.400 ns; Loc. = PIN_82; Fanout = 0; PIN Node = 'd[5]'
        Info: Total cell delay = 9.700 ns ( 72.39 % )
        Info: Total interconnect delay = 3.700 ns ( 27.61 % )
Info: Longest tpd from source pin "dr[1]" to destination pin "d[5]" is 17.300 ns
    Info: 1: + IC(0.000 ns) + CELL(2.800 ns) = 2.800 ns; Loc. = PIN_126; Fanout = 16; PIN Node = 'dr[1]'
    Info: 2: + IC(1.700 ns) + CELL(2.300 ns) = 6.800 ns; Loc. = LC7_E20; Fanout = 1; COMB Node = 'd~42'
    Info: 3: + IC(0.600 ns) + CELL(2.300 ns) = 9.700 ns; Loc. = LC8_E20; Fanout = 1; COMB Node = 'd~43'
    Info: 4: + IC(2.500 ns) + CELL(5.100 ns) = 17.300 ns; Loc. = PIN_82; Fanout = 0; PIN Node = 'd[5]'
    Info: Total cell delay = 12.500 ns ( 72.25 % )
    Info: Total interconnect delay = 4.800 ns ( 27.75 % )
Info: th for register "R1[0]" (data pin = "i[0]", clock pin = "clk") is 1.400 ns
    Info: + Longest clock path from clock "clk" to destination register is 5.300 ns
        Info: 1: + IC(0.000 ns) + CELL(2.800 ns) = 2.800 ns; Loc. = PIN_55; Fanout = 32; CLK Node = 'clk'
        Info: 2: + IC(2.500 ns) + CELL(0.000 ns) = 5.300 ns; Loc. = LC1_F23; Fanout = 2; REG Node = 'R1[0]'
        Info: Total cell delay = 2.800 ns ( 52.83 % )
        Info: Total interconnect delay = 2.500 ns ( 47.17 % )
    Info: + Micro hold delay of destination is 1.600 ns
    Info: - Shortest pin to register delay is 5.500 ns
        Info: 1: + IC(0.000 ns) + CELL(2.800 ns) = 2.800 ns; Loc. = PIN_125; Fanout = 4; PIN Node = 'i[0]'
        Info: 2: + IC(1.500 ns) + CELL(1.200 ns) = 5.500 ns; Loc. = LC1_F23; Fanout = 2; REG Node = 'R1[0]'
        Info: Total cell delay = 4.000 ns ( 72.73 % )
        Info: Total interconnect delay = 1.500 ns ( 27.27 % )
Info: Quartus II Classic Timing Analyzer was successful. 0 errors, 1 warning
    Info: Peak virtual memory: 180 megabytes
    Info: Processing ended: Fri Dec 12 17:02:20 2025
    Info: Elapsed time: 00:00:00
    Info: Total CPU time (on all processors): 00:00:00


